#
# There is insufficient memory for the Java Runtime Environment to continue.
# Native memory allocation (malloc) failed to allocate 1523056 bytes for Chunk::new
# Possible reasons:
#   The system is out of physical RAM or swap space
#   The process is running with CompressedOops enabled, and the Java Heap may be blocking the growth of the native heap
# Possible solutions:
#   Reduce memory load on the system
#   Increase physical memory or swap space
#   Check if swap backing store is full
#   Decrease Java heap size (-Xmx/-Xms)
#   Decrease number of Java threads
#   Decrease Java thread stack sizes (-Xss)
#   Set larger code cache with -XX:ReservedCodeCacheSize=
#   JVM is running with Unscaled Compressed Oops mode in which the Java heap is
#     placed in the first 4GB address space. The Java Heap base address is the
#     maximum limit for the native heap growth. Please use -XX:HeapBaseMinAddress
#     to set the Java Heap base and to place the Java Heap above 4GB virtual address.
# This output file may be truncated or incomplete.
#
#  Out of Memory Error (./src/hotspot/share/memory/arena.cpp:197), pid=12920, tid=13896
#
# JRE version: OpenJDK Runtime Environment (11.0.12+7) (build 11.0.12+7-b1504.28-7817840)
# Java VM: OpenJDK 64-Bit Server VM (11.0.12+7-b1504.28-7817840, mixed mode, tiered, compressed oops, g1 gc, windows-amd64)
# No core dump will be written. Minidumps are not enabled by default on client versions of Windows
#

---------------  S U M M A R Y ------------

Command Line: --add-opens=java.base/java.util=ALL-UNNAMED --add-opens=java.base/java.lang=ALL-UNNAMED --add-opens=java.base/java.lang.invoke=ALL-UNNAMED --add-opens=java.base/java.util=ALL-UNNAMED --add-opens=java.prefs/java.util.prefs=ALL-UNNAMED --add-opens=java.prefs/java.util.prefs=ALL-UNNAMED --add-opens=java.base/java.nio.charset=ALL-UNNAMED --add-opens=java.base/java.net=ALL-UNNAMED --add-opens=java.base/java.util.concurrent.atomic=ALL-UNNAMED -Xmx2048m -Dfile.encoding=UTF-8 -Duser.country=BR -Duser.language=pt -Duser.variant org.gradle.launcher.daemon.bootstrap.GradleDaemon 7.3.3

Host: Intel(R) Core(TM) i5-8250U CPU @ 1.60GHz, 8 cores, 11G,  Windows 10 , 64 bit Build 22621 (10.0.22621.1485)
Time: Sun May 14 20:52:58 2023 Hora oficial do Brasil elapsed time: 335.042303 seconds (0d 0h 5m 35s)

---------------  T H R E A D  ---------------

Current thread (0x000001dede674800):  JavaThread "C2 CompilerThread0" daemon [_thread_in_native, id=13896, stack(0x000000950b700000,0x000000950b800000)]


Current CompileTask:
C2: 335044 17227       4       sun.invoke.util.VerifyAccess::isClassAccessible (182 bytes)

Stack: [0x000000950b700000,0x000000950b800000]
Native frames: (J=compiled Java code, j=interpreted, Vv=VM code, C=native code)
V  [jvm.dll+0x5fbcea]
V  [jvm.dll+0x731905]
V  [jvm.dll+0x732f1d]
V  [jvm.dll+0x7335d3]
V  [jvm.dll+0x247bf8]
V  [jvm.dll+0xc018c]
V  [jvm.dll+0xc06cc]
V  [jvm.dll+0x35b31d]
V  [jvm.dll+0x328803]
V  [jvm.dll+0x327cfa]
V  [jvm.dll+0x200602]
V  [jvm.dll+0x1ff794]
V  [jvm.dll+0x18868c]
V  [jvm.dll+0x20e0d7]
V  [jvm.dll+0x20c901]
V  [jvm.dll+0x6f9b7f]
V  [jvm.dll+0x6f26a5]
V  [jvm.dll+0x5fabf6]
C  [ucrtbase.dll+0x29363]
C  [KERNEL32.DLL+0x1269d]
C  [ntdll.dll+0x5a9f8]


---------------  P R O C E S S  ---------------

Threads class SMR info:
_java_thread_list=0x000001deeb5c89b0, length=150, elements={
0x000001dec391c000, 0x000001deddddc800, 0x000001deddddf000, 0x000001dedddec800,
0x000001dede672800, 0x000001dede673000, 0x000001dede674800, 0x000001dede67c000,
0x000001dede67f000, 0x000001dede7e4800, 0x000001dee0211800, 0x000001dedf6fe800,
0x000001dee0843800, 0x000001dedf063800, 0x000001dedf066000, 0x000001dedf067800,
0x000001dedf064800, 0x000001dedf067000, 0x000001dee1d82000, 0x000001dee1d81000,
0x000001dee1d7f800, 0x000001dee1d7c000, 0x000001dee1d7d000, 0x000001dee1837000,
0x000001dee1838000, 0x000001dee1832000, 0x000001dee1833000, 0x000001dee1834000,
0x000001dee15f0000, 0x000001dee9ff7000, 0x000001dee9ff6000, 0x000001deea000000,
0x000001dee15ef000, 0x000001dee15f5000, 0x000001dee15f6800, 0x000001dee15f4000,
0x000001dee15f5800, 0x000001dee15f7000, 0x000001dee15f8000, 0x000001dee15f3000,
0x000001dee15fa800, 0x000001dee15fb800, 0x000001dee15fe000, 0x000001dee15fd000,
0x000001dee15f2800, 0x000001dee15f9000, 0x000001dee182a000, 0x000001dee182b000,
0x000001dee182b800, 0x000001dee1829000, 0x000001dee1830000, 0x000001dee182e000,
0x000001dee182c800, 0x000001dee1830800, 0x000001dee182f000, 0x000001dee1831800,
0x000001dee182d800, 0x000001dee1834800, 0x000001dee1835800, 0x000001dee1836800,
0x000001dee9ff7800, 0x000001dee9ff4800, 0x000001dee9ff5800, 0x000001dee9ffb000,
0x000001dee9ffe000, 0x000001dee9ffa000, 0x000001dee9ffc000, 0x000001dee9fff000,
0x000001dee9ff9800, 0x000001deea000800, 0x000001dee9ffd800, 0x000001deea001800,
0x000001dee9ffc800, 0x000001deea002800, 0x000001dee1d82800, 0x000001dee1d83800,
0x000001dee1d84000, 0x000001dee1d85000, 0x000001dee1d80000, 0x000001dee1d89000,
0x000001dee1d87800, 0x000001dee1d8b000, 0x000001dee1d88800, 0x000001dee1d86000,
0x000001dee1d8a000, 0x000001dee1d86800, 0x000001dedf065000, 0x000001dedf068800,
0x000001dedf062800, 0x000001dedf069000, 0x000001dee7ca2800, 0x000001dee7c9f800,
0x000001dee7c9d000, 0x000001dee7c9e800, 0x000001dee7ca3800, 0x000001dee7ca0000,
0x000001dee7ca1000, 0x000001dee7ca2000, 0x000001dee7c9e000, 0x000001dee7ca6800,
0x000001dee7ca6000, 0x000001dee7ca7800, 0x000001dee7ca9000, 0x000001dee7ca8800,
0x000001dee7caa000, 0x000001dee7ca4800, 0x000001dee7cab000, 0x000001dee7ca5000,
0x000001dee7cab800, 0x000001dee0c07000, 0x000001dee0c07800, 0x000001dee0c06000,
0x000001dee0c08800, 0x000001dee0c09800, 0x000001dee0c0a000, 0x000001dee0c04800,
0x000001dee0c0b000, 0x000001dee0c05000, 0x000001dee0c0c800, 0x000001dee0c0c000,
0x000001dee0c11800, 0x000001dee0c0f000, 0x000001dee0c13000, 0x000001dee0c10000,
0x000001dee0c0d800, 0x000001dee0c0e000, 0x000001dee5f56000, 0x000001dee5f56800,
0x000001dee5f59000, 0x000001dee5f57800, 0x000001dee5f54000, 0x000001dee5f55000,
0x000001dee5f58000, 0x000001dee812f800, 0x000001dee812d800, 0x000001dee812d000,
0x000001dee812e800, 0x000001dee812a800, 0x000001dee8133800, 0x000001dee8134800,
0x000001dee8131000, 0x000001dee8132000, 0x000001dee8130000, 0x000001dee8135000,
0x000001dee812c000, 0x000001dee8136000, 0x000001dee8136800, 0x000001dee8138800,
0x000001dee8137800, 0x000001dee8132800
}

Java Threads: ( => current thread )
  0x000001dec391c000 JavaThread "main" [_thread_blocked, id=21376, stack(0x000000950ab00000,0x000000950ac00000)]
  0x000001deddddc800 JavaThread "Reference Handler" daemon [_thread_blocked, id=3472, stack(0x000000950b200000,0x000000950b300000)]
  0x000001deddddf000 JavaThread "Finalizer" daemon [_thread_blocked, id=3848, stack(0x000000950b300000,0x000000950b400000)]
  0x000001dedddec800 JavaThread "Signal Dispatcher" daemon [_thread_blocked, id=26448, stack(0x000000950b400000,0x000000950b500000)]
  0x000001dede672800 JavaThread "Attach Listener" daemon [_thread_blocked, id=25908, stack(0x000000950b500000,0x000000950b600000)]
  0x000001dede673000 JavaThread "Service Thread" daemon [_thread_blocked, id=19784, stack(0x000000950b600000,0x000000950b700000)]
=>0x000001dede674800 JavaThread "C2 CompilerThread0" daemon [_thread_in_native, id=13896, stack(0x000000950b700000,0x000000950b800000)]
  0x000001dede67c000 JavaThread "C1 CompilerThread0" daemon [_thread_blocked, id=14532, stack(0x000000950b800000,0x000000950b900000)]
  0x000001dede67f000 JavaThread "Sweeper thread" daemon [_thread_blocked, id=11120, stack(0x000000950b900000,0x000000950ba00000)]
  0x000001dede7e4800 JavaThread "Common-Cleaner" daemon [_thread_blocked, id=5520, stack(0x000000950ba00000,0x000000950bb00000)]
  0x000001dee0211800 JavaThread "Daemon health stats" [_thread_blocked, id=11816, stack(0x000000950c100000,0x000000950c200000)]
  0x000001dedf6fe800 JavaThread "Incoming local TCP Connector on port 55979" [_thread_in_native, id=4020, stack(0x000000950bf00000,0x000000950c000000)]
  0x000001dee0843800 JavaThread "Daemon periodic checks" [_thread_blocked, id=23604, stack(0x000000950c000000,0x000000950c100000)]
  0x000001dedf063800 JavaThread "Cache worker for journal cache (C:\Users\leona\.gradle\caches\journal-1)" [_thread_blocked, id=22892, stack(0x000000950cd00000,0x000000950ce00000)]
  0x000001dedf066000 JavaThread "File lock request listener" [_thread_in_native, id=12880, stack(0x000000950ce00000,0x000000950cf00000)]
  0x000001dedf067800 JavaThread "Cache worker for file hash cache (C:\Users\leona\.gradle\caches\7.3.3\fileHashes)" [_thread_blocked, id=23536, stack(0x000000950cf00000,0x000000950d000000)]
  0x000001dedf064800 JavaThread "File watcher server" daemon [_thread_in_native, id=13516, stack(0x000000950d300000,0x000000950d400000)]
  0x000001dedf067000 JavaThread "File watcher consumer" daemon [_thread_blocked, id=23540, stack(0x000000950d400000,0x000000950d500000)]
  0x000001dee1d82000 JavaThread "Cache worker for execution history cache (C:\Users\leona\.gradle\caches\7.3.3\executionHistory)" [_thread_blocked, id=6264, stack(0x000000950d800000,0x000000950d900000)]
  0x000001dee1d81000 JavaThread "jar transforms" [_thread_blocked, id=2500, stack(0x000000950da00000,0x000000950db00000)]
  0x000001dee1d7f800 JavaThread "Cache worker for file content cache (C:\Users\leona\.gradle\caches\7.3.3\fileContent)" [_thread_blocked, id=23240, stack(0x000000950db00000,0x000000950dc00000)]
  0x000001dee1d7c000 JavaThread "jar transforms Thread 2" [_thread_blocked, id=25772, stack(0x000000950dc00000,0x000000950dd00000)]
  0x000001dee1d7d000 JavaThread "jar transforms Thread 3" [_thread_blocked, id=10508, stack(0x000000950de00000,0x000000950df00000)]
  0x000001dee1837000 JavaThread "jar transforms Thread 4" [_thread_blocked, id=12620, stack(0x0000009512e00000,0x0000009512f00000)]
  0x000001dee1838000 JavaThread "jar transforms Thread 5" [_thread_blocked, id=11788, stack(0x0000009512f00000,0x0000009513000000)]
  0x000001dee1832000 JavaThread "jar transforms Thread 6" [_thread_blocked, id=17148, stack(0x0000009513000000,0x0000009513100000)]
  0x000001dee1833000 JavaThread "jar transforms Thread 7" [_thread_blocked, id=17960, stack(0x0000009513100000,0x0000009513200000)]
  0x000001dee1834000 JavaThread "jar transforms Thread 8" [_thread_blocked, id=14944, stack(0x0000009513200000,0x0000009513300000)]
  0x000001dee15f0000 JavaThread "Memory manager" [_thread_blocked, id=12916, stack(0x0000009513500000,0x0000009513600000)]
  0x000001dee9ff7000 JavaThread "ForkJoinPool.commonPool-worker-3" daemon [_thread_blocked, id=9504, stack(0x000000950a800000,0x000000950a900000)]
  0x000001dee9ff6000 JavaThread "ForkJoinPool.commonPool-worker-5" daemon [_thread_blocked, id=2648, stack(0x000000950a900000,0x000000950aa00000)]
  0x000001deea000000 JavaThread "ForkJoinPool.commonPool-worker-13" daemon [_thread_blocked, id=18028, stack(0x0000009514800000,0x0000009514900000)]
  0x000001dee15ef000 JavaThread "Daemon Thread 2" [_thread_blocked, id=23372, stack(0x000000950aa00000,0x000000950ab00000)]
  0x000001dee15f5000 JavaThread "Handler for socket connection from /127.0.0.1:55979 to /127.0.0.1:56015" [_thread_in_native, id=19816, stack(0x000000950c200000,0x000000950c300000)]
  0x000001dee15f6800 JavaThread "Cancel handler" [_thread_blocked, id=15864, stack(0x000000950c300000,0x000000950c400000)]
  0x000001dee15f4000 JavaThread "Daemon worker Thread 2" [_thread_blocked, id=5304, stack(0x000000950c400000,0x000000950c500000)]
  0x000001dee15f5800 JavaThread "Asynchronous log dispatcher for DefaultDaemonConnection: socket connection from /127.0.0.1:55979 to /127.0.0.1:56015" [_thread_blocked, id=16600, stack(0x000000950c500000,0x000000950c600000)]
  0x000001dee15f7000 JavaThread "Daemon client event forwarder" [_thread_blocked, id=20096, stack(0x000000950c700000,0x000000950c800000)]
  0x000001dee15f8000 JavaThread "Cache worker for file hash cache (C:\Users\leona\StudioProjects\Advogo\.gradle\7.3.3\fileHashes)" [_thread_blocked, id=17228, stack(0x000000950c800000,0x000000950c900000)]
  0x000001dee15f3000 JavaThread "Cache worker for checksums cache (C:\Users\leona\StudioProjects\Advogo\.gradle\7.3.3\checksums)" [_thread_blocked, id=16128, stack(0x000000950d500000,0x000000950d600000)]
  0x000001dee15fa800 JavaThread "Cache worker for cache directory md-supplier (C:\Users\leona\.gradle\caches\7.3.3\md-supplier)" [_thread_blocked, id=17752, stack(0x000000950d600000,0x000000950d700000)]
  0x000001dee15fb800 JavaThread "Cache worker for cache directory md-rule (C:\Users\leona\.gradle\caches\7.3.3\md-rule)" [_thread_blocked, id=23204, stack(0x000000950d700000,0x000000950d800000)]
  0x000001dee15fe000 JavaThread "Cache worker for dependencies-accessors (C:\Users\leona\StudioProjects\Advogo\.gradle\7.3.3\dependencies-accessors)" [_thread_blocked, id=25132, stack(0x000000950d900000,0x000000950da00000)]
  0x000001dee15fd000 JavaThread "Cache worker for Build Output Cleanup Cache (C:\Users\leona\StudioProjects\Advogo\.gradle\buildOutputCleanup)" [_thread_blocked, id=17684, stack(0x000000950dd00000,0x000000950de00000)]
  0x000001dee15f2800 JavaThread "Unconstrained build operations" [_thread_blocked, id=12204, stack(0x000000950d100000,0x000000950d200000)]
  0x000001dee15f9000 JavaThread "Unconstrained build operations Thread 2" [_thread_blocked, id=9920, stack(0x000000950d200000,0x000000950d300000)]
  0x000001dee182a000 JavaThread "Unconstrained build operations Thread 3" [_thread_blocked, id=24656, stack(0x000000950df00000,0x000000950e000000)]
  0x000001dee182b000 JavaThread "Unconstrained build operations Thread 4" [_thread_blocked, id=6856, stack(0x000000950e000000,0x000000950e100000)]
  0x000001dee182b800 JavaThread "Unconstrained build operations Thread 5" [_thread_blocked, id=19740, stack(0x000000950e100000,0x000000950e200000)]
  0x000001dee1829000 JavaThread "Unconstrained build operations Thread 6" [_thread_blocked, id=11480, stack(0x000000950e200000,0x000000950e300000)]
  0x000001dee1830000 JavaThread "Unconstrained build operations Thread 7" [_thread_blocked, id=3376, stack(0x000000950e300000,0x000000950e400000)]
  0x000001dee182e000 JavaThread "Unconstrained build operations Thread 8" [_thread_blocked, id=16708, stack(0x000000950e400000,0x000000950e500000)]
  0x000001dee182c800 JavaThread "Unconstrained build operations Thread 9" [_thread_blocked, id=2332, stack(0x000000950e500000,0x000000950e600000)]
  0x000001dee1830800 JavaThread "Unconstrained build operations Thread 10" [_thread_blocked, id=21152, stack(0x000000950e600000,0x000000950e700000)]
  0x000001dee182f000 JavaThread "Unconstrained build operations Thread 11" [_thread_blocked, id=11844, stack(0x000000950e700000,0x000000950e800000)]
  0x000001dee1831800 JavaThread "Unconstrained build operations Thread 12" [_thread_blocked, id=18624, stack(0x000000950e800000,0x000000950e900000)]
  0x000001dee182d800 JavaThread "Unconstrained build operations Thread 13" [_thread_blocked, id=5972, stack(0x000000950e900000,0x000000950ea00000)]
  0x000001dee1834800 JavaThread "Unconstrained build operations Thread 14" [_thread_blocked, id=27352, stack(0x000000950ea00000,0x000000950eb00000)]
  0x000001dee1835800 JavaThread "Unconstrained build operations Thread 15" [_thread_blocked, id=19544, stack(0x000000950eb00000,0x000000950ec00000)]
  0x000001dee1836800 JavaThread "Unconstrained build operations Thread 16" [_thread_blocked, id=14476, stack(0x000000950ec00000,0x000000950ed00000)]
  0x000001dee9ff7800 JavaThread "Unconstrained build operations Thread 17" [_thread_blocked, id=27560, stack(0x000000950ed00000,0x000000950ee00000)]
  0x000001dee9ff4800 JavaThread "Unconstrained build operations Thread 18" [_thread_blocked, id=21712, stack(0x000000950ee00000,0x000000950ef00000)]
  0x000001dee9ff5800 JavaThread "Unconstrained build operations Thread 19" [_thread_blocked, id=13648, stack(0x000000950ef00000,0x000000950f000000)]
  0x000001dee9ffb000 JavaThread "Unconstrained build operations Thread 20" [_thread_blocked, id=22784, stack(0x000000950f000000,0x000000950f100000)]
  0x000001dee9ffe000 JavaThread "Unconstrained build operations Thread 21" [_thread_blocked, id=9212, stack(0x000000950f100000,0x000000950f200000)]
  0x000001dee9ffa000 JavaThread "Unconstrained build operations Thread 22" [_thread_blocked, id=12860, stack(0x000000950f200000,0x000000950f300000)]
  0x000001dee9ffc000 JavaThread "Unconstrained build operations Thread 23" [_thread_blocked, id=10752, stack(0x000000950f300000,0x000000950f400000)]
  0x000001dee9fff000 JavaThread "Unconstrained build operations Thread 24" [_thread_blocked, id=17728, stack(0x000000950f400000,0x000000950f500000)]
  0x000001dee9ff9800 JavaThread "Unconstrained build operations Thread 25" [_thread_blocked, id=1216, stack(0x000000950f500000,0x000000950f600000)]
  0x000001deea000800 JavaThread "Unconstrained build operations Thread 26" [_thread_blocked, id=1364, stack(0x000000950f600000,0x000000950f700000)]
  0x000001dee9ffd800 JavaThread "Unconstrained build operations Thread 27" [_thread_blocked, id=3348, stack(0x000000950f700000,0x000000950f800000)]
  0x000001deea001800 JavaThread "Unconstrained build operations Thread 28" [_thread_blocked, id=25596, stack(0x000000950f800000,0x000000950f900000)]
  0x000001dee9ffc800 JavaThread "Unconstrained build operations Thread 29" [_thread_blocked, id=10940, stack(0x000000950f900000,0x000000950fa00000)]
  0x000001deea002800 JavaThread "Unconstrained build operations Thread 30" [_thread_blocked, id=4280, stack(0x000000950fa00000,0x000000950fb00000)]
  0x000001dee1d82800 JavaThread "Unconstrained build operations Thread 31" [_thread_blocked, id=18468, stack(0x000000950fb00000,0x000000950fc00000)]
  0x000001dee1d83800 JavaThread "Unconstrained build operations Thread 32" [_thread_blocked, id=10008, stack(0x000000950fc00000,0x000000950fd00000)]
  0x000001dee1d84000 JavaThread "Unconstrained build operations Thread 33" [_thread_blocked, id=27136, stack(0x000000950fd00000,0x000000950fe00000)]
  0x000001dee1d85000 JavaThread "Unconstrained build operations Thread 34" [_thread_blocked, id=22772, stack(0x000000950fe00000,0x000000950ff00000)]
  0x000001dee1d80000 JavaThread "Unconstrained build operations Thread 35" [_thread_blocked, id=19620, stack(0x000000950ff00000,0x0000009510000000)]
  0x000001dee1d89000 JavaThread "Unconstrained build operations Thread 36" [_thread_blocked, id=26484, stack(0x0000009510000000,0x0000009510100000)]
  0x000001dee1d87800 JavaThread "Unconstrained build operations Thread 37" [_thread_blocked, id=23072, stack(0x0000009510100000,0x0000009510200000)]
  0x000001dee1d8b000 JavaThread "Unconstrained build operations Thread 38" [_thread_blocked, id=14208, stack(0x0000009510200000,0x0000009510300000)]
  0x000001dee1d88800 JavaThread "Unconstrained build operations Thread 39" [_thread_blocked, id=25484, stack(0x0000009510300000,0x0000009510400000)]
  0x000001dee1d86000 JavaThread "Unconstrained build operations Thread 40" [_thread_blocked, id=1636, stack(0x0000009510400000,0x0000009510500000)]
  0x000001dee1d8a000 JavaThread "Unconstrained build operations Thread 41" [_thread_blocked, id=14976, stack(0x0000009510500000,0x0000009510600000)]
  0x000001dee1d86800 JavaThread "Unconstrained build operations Thread 42" [_thread_blocked, id=20384, stack(0x0000009510600000,0x0000009510700000)]
  0x000001dedf065000 JavaThread "Unconstrained build operations Thread 43" [_thread_blocked, id=17784, stack(0x0000009510700000,0x0000009510800000)]
  0x000001dedf068800 JavaThread "Unconstrained build operations Thread 44" [_thread_blocked, id=2268, stack(0x0000009510800000,0x0000009510900000)]
  0x000001dedf062800 JavaThread "Unconstrained build operations Thread 45" [_thread_blocked, id=27336, stack(0x0000009510900000,0x0000009510a00000)]
  0x000001dedf069000 JavaThread "Unconstrained build operations Thread 46" [_thread_blocked, id=22808, stack(0x0000009510a00000,0x0000009510b00000)]
  0x000001dee7ca2800 JavaThread "Unconstrained build operations Thread 47" [_thread_blocked, id=2748, stack(0x0000009510b00000,0x0000009510c00000)]
  0x000001dee7c9f800 JavaThread "Unconstrained build operations Thread 48" [_thread_blocked, id=9884, stack(0x0000009510c00000,0x0000009510d00000)]
  0x000001dee7c9d000 JavaThread "Unconstrained build operations Thread 49" [_thread_blocked, id=16484, stack(0x0000009510d00000,0x0000009510e00000)]
  0x000001dee7c9e800 JavaThread "Unconstrained build operations Thread 50" [_thread_blocked, id=27152, stack(0x0000009510e00000,0x0000009510f00000)]
  0x000001dee7ca3800 JavaThread "Unconstrained build operations Thread 51" [_thread_blocked, id=23276, stack(0x0000009510f00000,0x0000009511000000)]
  0x000001dee7ca0000 JavaThread "Unconstrained build operations Thread 52" [_thread_blocked, id=13932, stack(0x0000009511000000,0x0000009511100000)]
  0x000001dee7ca1000 JavaThread "Unconstrained build operations Thread 53" [_thread_blocked, id=8988, stack(0x0000009511100000,0x0000009511200000)]
  0x000001dee7ca2000 JavaThread "Unconstrained build operations Thread 54" [_thread_blocked, id=26900, stack(0x0000009511200000,0x0000009511300000)]
  0x000001dee7c9e000 JavaThread "Unconstrained build operations Thread 55" [_thread_blocked, id=6912, stack(0x0000009511300000,0x0000009511400000)]
  0x000001dee7ca6800 JavaThread "Unconstrained build operations Thread 56" [_thread_blocked, id=15420, stack(0x0000009511400000,0x0000009511500000)]
  0x000001dee7ca6000 JavaThread "Unconstrained build operations Thread 57" [_thread_blocked, id=22088, stack(0x0000009511500000,0x0000009511600000)]
  0x000001dee7ca7800 JavaThread "Unconstrained build operations Thread 58" [_thread_blocked, id=18092, stack(0x0000009511600000,0x0000009511700000)]
  0x000001dee7ca9000 JavaThread "Unconstrained build operations Thread 59" [_thread_blocked, id=684, stack(0x0000009511700000,0x0000009511800000)]
  0x000001dee7ca8800 JavaThread "Unconstrained build operations Thread 60" [_thread_blocked, id=20280, stack(0x0000009511800000,0x0000009511900000)]
  0x000001dee7caa000 JavaThread "Unconstrained build operations Thread 61" [_thread_blocked, id=5348, stack(0x0000009511900000,0x0000009511a00000)]
  0x000001dee7ca4800 JavaThread "Unconstrained build operations Thread 62" [_thread_blocked, id=24892, stack(0x0000009511a00000,0x0000009511b00000)]
  0x000001dee7cab000 JavaThread "Unconstrained build operations Thread 63" [_thread_blocked, id=4140, stack(0x0000009511b00000,0x0000009511c00000)]
  0x000001dee7ca5000 JavaThread "Unconstrained build operations Thread 64" [_thread_blocked, id=27604, stack(0x0000009511c00000,0x0000009511d00000)]
  0x000001dee7cab800 JavaThread "Unconstrained build operations Thread 65" [_thread_blocked, id=5380, stack(0x0000009511d00000,0x0000009511e00000)]
  0x000001dee0c07000 JavaThread "Unconstrained build operations Thread 66" [_thread_blocked, id=18780, stack(0x0000009511e00000,0x0000009511f00000)]
  0x000001dee0c07800 JavaThread "Unconstrained build operations Thread 67" [_thread_blocked, id=26292, stack(0x0000009511f00000,0x0000009512000000)]
  0x000001dee0c06000 JavaThread "Unconstrained build operations Thread 68" [_thread_blocked, id=24524, stack(0x0000009512000000,0x0000009512100000)]
  0x000001dee0c08800 JavaThread "Unconstrained build operations Thread 69" [_thread_blocked, id=24236, stack(0x0000009512100000,0x0000009512200000)]
  0x000001dee0c09800 JavaThread "Unconstrained build operations Thread 70" [_thread_blocked, id=24024, stack(0x0000009512200000,0x0000009512300000)]
  0x000001dee0c0a000 JavaThread "Unconstrained build operations Thread 71" [_thread_blocked, id=9860, stack(0x0000009512300000,0x0000009512400000)]
  0x000001dee0c04800 JavaThread "Unconstrained build operations Thread 72" [_thread_blocked, id=23864, stack(0x0000009512400000,0x0000009512500000)]
  0x000001dee0c0b000 JavaThread "Unconstrained build operations Thread 73" [_thread_blocked, id=14720, stack(0x0000009512500000,0x0000009512600000)]
  0x000001dee0c05000 JavaThread "Unconstrained build operations Thread 74" [_thread_blocked, id=20988, stack(0x0000009512600000,0x0000009512700000)]
  0x000001dee0c0c800 JavaThread "Unconstrained build operations Thread 75" [_thread_blocked, id=10812, stack(0x0000009512800000,0x0000009512900000)]
  0x000001dee0c0c000 JavaThread "Unconstrained build operations Thread 76" [_thread_blocked, id=18256, stack(0x0000009512900000,0x0000009512a00000)]
  0x000001dee0c11800 JavaThread "Unconstrained build operations Thread 77" [_thread_blocked, id=2608, stack(0x0000009512a00000,0x0000009512b00000)]
  0x000001dee0c0f000 JavaThread "Unconstrained build operations Thread 78" [_thread_blocked, id=18968, stack(0x0000009512b00000,0x0000009512c00000)]
  0x000001dee0c13000 JavaThread "Unconstrained build operations Thread 79" [_thread_blocked, id=25252, stack(0x0000009512c00000,0x0000009512d00000)]
  0x000001dee0c10000 JavaThread "Unconstrained build operations Thread 80" [_thread_blocked, id=27264, stack(0x0000009512d00000,0x0000009512e00000)]
  0x000001dee0c0d800 JavaThread "build event listener" [_thread_blocked, id=18188, stack(0x0000009513400000,0x0000009513500000)]
  0x000001dee0c0e000 JavaThread "Execution worker for ':'" [_thread_blocked, id=7928, stack(0x0000009513600000,0x0000009513700000)]
  0x000001dee5f56000 JavaThread "Execution worker for ':' Thread 2" [_thread_blocked, id=3516, stack(0x0000009513700000,0x0000009513800000)]
  0x000001dee5f56800 JavaThread "Execution worker for ':' Thread 3" [_thread_blocked, id=22232, stack(0x0000009513800000,0x0000009513900000)]
  0x000001dee5f59000 JavaThread "Execution worker for ':' Thread 4" [_thread_blocked, id=2956, stack(0x0000009513900000,0x0000009513a00000)]
  0x000001dee5f57800 JavaThread "Execution worker for ':' Thread 5" [_thread_blocked, id=19528, stack(0x0000009513a00000,0x0000009513b00000)]
  0x000001dee5f54000 JavaThread "Execution worker for ':' Thread 6" [_thread_blocked, id=18292, stack(0x0000009513b00000,0x0000009513c00000)]
  0x000001dee5f55000 JavaThread "Execution worker for ':' Thread 7" [_thread_blocked, id=24652, stack(0x0000009513c00000,0x0000009513d00000)]
  0x000001dee5f58000 JavaThread "Cache worker for execution history cache (C:\Users\leona\StudioProjects\Advogo\.gradle\7.3.3\executionHistory)" [_thread_blocked, id=26888, stack(0x0000009513d00000,0x0000009513e00000)]
  0x000001dee812f800 JavaThread "pool-7-thread-1" [_thread_blocked, id=24828, stack(0x0000009514200000,0x0000009514300000)]
  0x000001dee812d800 JavaThread "stderr" [_thread_in_native, id=21952, stack(0x0000009514300000,0x0000009514400000)]
  0x000001dee812d000 JavaThread "stdout" [_thread_in_native, id=12544, stack(0x0000009514400000,0x0000009514500000)]
  0x000001dee812e800 JavaThread "WorkerExecutor Queue Thread 4" [_thread_blocked, id=25804, stack(0x0000009513e00000,0x0000009513f00000)]
  0x000001dee812a800 JavaThread "RMI Scheduler(0)" daemon [_thread_blocked, id=7896, stack(0x0000009512700000,0x0000009512800000)]
  0x000001dee8133800 JavaThread "RMI GC Daemon" daemon [_thread_blocked, id=17172, stack(0x0000009514500000,0x0000009514600000)]
  0x000001dee8134800 JavaThread "RMI TCP Accept-0" daemon [_thread_in_native, id=27016, stack(0x0000009514900000,0x0000009514a00000)]
  0x000001dee8131000 JavaThread "RMI Reaper" [_thread_blocked, id=7960, stack(0x0000009514a00000,0x0000009514b00000)]
  0x000001dee8132000 JavaThread "RMI TCP Connection(idle)" daemon [_thread_blocked, id=15880, stack(0x0000009514b00000,0x0000009514c00000)]
  0x000001dee8130000 JavaThread "RMI TCP Connection(5)-127.0.0.1" daemon [_thread_in_native, id=24768, stack(0x0000009514100000,0x0000009514200000)]
  0x000001dee8135000 JavaThread "WorkerExecutor Queue Thread 6" [_thread_blocked, id=7560, stack(0x0000009513300000,0x0000009513400000)]
  0x000001dee812c000 JavaThread "WorkerExecutor Queue Thread 7" [_thread_blocked, id=18044, stack(0x0000009513f00000,0x0000009514000000)]
  0x000001dee8136000 JavaThread "WorkerExecutor Queue Thread 8" [_thread_in_vm, id=8340, stack(0x0000009514000000,0x0000009514100000)]
  0x000001dee8136800 JavaThread "WorkerExecutor Queue Thread 9" [_thread_blocked, id=3728, stack(0x0000009514600000,0x0000009514700000)]
  0x000001dee8138800 JavaThread "WorkerExecutor Queue Thread 10" [_thread_blocked, id=5704, stack(0x0000009514700000,0x0000009514800000)]
  0x000001dee8137800 JavaThread "WorkerExecutor Queue Thread 11" [_thread_blocked, id=23436, stack(0x0000009514c00000,0x0000009514d00000)]
  0x000001dee8132800 JavaThread "WorkerExecutor Queue Thread 12" [_thread_blocked, id=20008, stack(0x0000009514d00000,0x0000009514e00000)]

Other Threads:
  0x000001dedddda000 VMThread "VM Thread" [stack: 0x000000950b100000,0x000000950b200000] [id=9844]
  0x000001dede83d000 WatcherThread [stack: 0x000000950bb00000,0x000000950bc00000] [id=1392]
  0x000001dec3937800 GCTaskThread "GC Thread#0" [stack: 0x000000950ac00000,0x000000950ad00000] [id=12676]
  0x000001dedf2e0000 GCTaskThread "GC Thread#1" [stack: 0x000000950bc00000,0x000000950bd00000] [id=10804]
  0x000001dedf4d2000 GCTaskThread "GC Thread#2" [stack: 0x000000950bd00000,0x000000950be00000] [id=15588]
  0x000001dedf553800 GCTaskThread "GC Thread#3" [stack: 0x000000950be00000,0x000000950bf00000] [id=10336]
  0x000001dee148c000 GCTaskThread "GC Thread#4" [stack: 0x000000950c900000,0x000000950ca00000] [id=1784]
  0x000001dee0111800 GCTaskThread "GC Thread#5" [stack: 0x000000950ca00000,0x000000950cb00000] [id=16648]
  0x000001dedfbb8800 GCTaskThread "GC Thread#6" [stack: 0x000000950cb00000,0x000000950cc00000] [id=12396]
  0x000001dee0d57800 GCTaskThread "GC Thread#7" [stack: 0x000000950cc00000,0x000000950cd00000] [id=8288]
  0x000001dec3968800 ConcurrentGCThread "G1 Main Marker" [stack: 0x000000950ad00000,0x000000950ae00000] [id=7452]
  0x000001dec396b800 ConcurrentGCThread "G1 Conc#0" [stack: 0x000000950ae00000,0x000000950af00000] [id=17308]
  0x000001dede9e5800 ConcurrentGCThread "G1 Conc#1" [stack: 0x000000950d000000,0x000000950d100000] [id=20244]
  0x000001deddc42800 ConcurrentGCThread "G1 Refine#0" [stack: 0x000000950af00000,0x000000950b000000] [id=7712]
  0x000001deddc45800 ConcurrentGCThread "G1 Young RemSet Sampling" [stack: 0x000000950b000000,0x000000950b100000] [id=11236]

Threads with active compile tasks:
C2 CompilerThread0 335290 17227       4       sun.invoke.util.VerifyAccess::isClassAccessible (182 bytes)

VM state:not at safepoint (normal execution)

VM Mutex/Monitor currently owned by a thread: None

Heap address: 0x0000000080000000, size: 2048 MB, Compressed Oops mode: 32-bit
Narrow klass base: 0x0000000000000000, Narrow klass shift: 3
Compressed class space size: 1073741824 Address: 0x0000000100000000

Heap:
 garbage-first heap   total 214016K, used 171416K [0x0000000080000000, 0x0000000100000000)
  region size 1024K, 20 young (20480K), 5 survivors (5120K)
 Metaspace       used 112042K, capacity 114978K, committed 115244K, reserved 1148928K
  class space    used 14317K, capacity 15411K, committed 15488K, reserved 1048576K
Heap Regions: E=young(eden), S=young(survivor), O=old, HS=humongous(starts), HC=humongous(continues), CS=collection set, F=free, A=archive, TAMS=top-at-mark-start (previous, next)
|   0|0x0000000080000000, 0x0000000080100000, 0x0000000080100000|100%| O|  |TAMS 0x0000000080100000, 0x0000000080000000| Untracked 
|   1|0x0000000080100000, 0x0000000080200000, 0x0000000080200000|100%| O|  |TAMS 0x0000000080200000, 0x0000000080100000| Untracked 
|   2|0x0000000080200000, 0x0000000080300000, 0x0000000080300000|100%| O|  |TAMS 0x0000000080300000, 0x0000000080200000| Untracked 
|   3|0x0000000080300000, 0x0000000080400000, 0x0000000080400000|100%|HS|  |TAMS 0x0000000080400000, 0x0000000080300000| Complete 
|   4|0x0000000080400000, 0x0000000080500000, 0x0000000080500000|100%|HC|  |TAMS 0x0000000080500000, 0x0000000080400000| Complete 
|   5|0x0000000080500000, 0x0000000080600000, 0x0000000080600000|100%|HC|  |TAMS 0x0000000080600000, 0x0000000080500000| Complete 
|   6|0x0000000080600000, 0x0000000080700000, 0x0000000080700000|100%| O|  |TAMS 0x0000000080700000, 0x0000000080600000| Untracked 
|   7|0x0000000080700000, 0x0000000080800000, 0x0000000080800000|100%| O|  |TAMS 0x0000000080800000, 0x0000000080700000| Untracked 
|   8|0x0000000080800000, 0x0000000080900000, 0x0000000080900000|100%| O|  |TAMS 0x0000000080900000, 0x0000000080800000| Untracked 
|   9|0x0000000080900000, 0x0000000080a00000, 0x0000000080a00000|100%| O|  |TAMS 0x0000000080a00000, 0x0000000080900000| Untracked 
|  10|0x0000000080a00000, 0x0000000080b00000, 0x0000000080b00000|100%| O|  |TAMS 0x0000000080b00000, 0x0000000080a00000| Untracked 
|  11|0x0000000080b00000, 0x0000000080c00000, 0x0000000080c00000|100%| O|  |TAMS 0x0000000080c00000, 0x0000000080b00000| Untracked 
|  12|0x0000000080c00000, 0x0000000080d00000, 0x0000000080d00000|100%| O|  |TAMS 0x0000000080d00000, 0x0000000080c00000| Untracked 
|  13|0x0000000080d00000, 0x0000000080e00000, 0x0000000080e00000|100%| O|  |TAMS 0x0000000080e00000, 0x0000000080d00000| Untracked 
|  14|0x0000000080e00000, 0x0000000080f00000, 0x0000000080f00000|100%| O|  |TAMS 0x0000000080f00000, 0x0000000080e00000| Untracked 
|  15|0x0000000080f00000, 0x0000000081000000, 0x0000000081000000|100%| O|  |TAMS 0x0000000081000000, 0x0000000080f00000| Untracked 
|  16|0x0000000081000000, 0x0000000081100000, 0x0000000081100000|100%|HS|  |TAMS 0x0000000081100000, 0x0000000081000000| Complete 
|  17|0x0000000081100000, 0x0000000081200000, 0x0000000081200000|100%| O|  |TAMS 0x0000000081200000, 0x0000000081100000| Untracked 
|  18|0x0000000081200000, 0x0000000081300000, 0x0000000081300000|100%| O|  |TAMS 0x0000000081300000, 0x0000000081200000| Untracked 
|  19|0x0000000081300000, 0x0000000081400000, 0x0000000081400000|100%| O|  |TAMS 0x0000000081400000, 0x0000000081300000| Untracked 
|  20|0x0000000081400000, 0x0000000081500000, 0x0000000081500000|100%| O|  |TAMS 0x0000000081500000, 0x0000000081400000| Untracked 
|  21|0x0000000081500000, 0x0000000081600000, 0x0000000081600000|100%| O|  |TAMS 0x0000000081600000, 0x0000000081500000| Untracked 
|  22|0x0000000081600000, 0x0000000081700000, 0x0000000081700000|100%| O|  |TAMS 0x0000000081700000, 0x0000000081600000| Untracked 
|  23|0x0000000081700000, 0x0000000081800000, 0x0000000081800000|100%|HS|  |TAMS 0x0000000081800000, 0x0000000081700000| Complete 
|  24|0x0000000081800000, 0x0000000081900000, 0x0000000081900000|100%|HC|  |TAMS 0x0000000081900000, 0x0000000081800000| Complete 
|  25|0x0000000081900000, 0x0000000081a00000, 0x0000000081a00000|100%|HS|  |TAMS 0x0000000081a00000, 0x0000000081900000| Complete 
|  26|0x0000000081a00000, 0x0000000081b00000, 0x0000000081b00000|100%|HS|  |TAMS 0x0000000081b00000, 0x0000000081a00000| Complete 
|  27|0x0000000081b00000, 0x0000000081c00000, 0x0000000081c00000|100%|HC|  |TAMS 0x0000000081c00000, 0x0000000081b00000| Complete 
|  28|0x0000000081c00000, 0x0000000081d00000, 0x0000000081d00000|100%|HC|  |TAMS 0x0000000081d00000, 0x0000000081c00000| Complete 
|  29|0x0000000081d00000, 0x0000000081e00000, 0x0000000081e00000|100%|HC|  |TAMS 0x0000000081e00000, 0x0000000081d00000| Complete 
|  30|0x0000000081e00000, 0x0000000081f00000, 0x0000000081f00000|100%|HS|  |TAMS 0x0000000081f00000, 0x0000000081e00000| Complete 
|  31|0x0000000081f00000, 0x0000000082000000, 0x0000000082000000|100%|HC|  |TAMS 0x0000000082000000, 0x0000000081f00000| Complete 
|  32|0x0000000082000000, 0x0000000082100000, 0x0000000082100000|100%| O|  |TAMS 0x0000000082100000, 0x0000000082000000| Untracked 
|  33|0x0000000082100000, 0x0000000082200000, 0x0000000082200000|100%| O|  |TAMS 0x0000000082200000, 0x0000000082100000| Untracked 
|  34|0x0000000082200000, 0x0000000082300000, 0x0000000082300000|100%| O|  |TAMS 0x0000000082300000, 0x0000000082200000| Untracked 
|  35|0x0000000082300000, 0x0000000082400000, 0x0000000082400000|100%| O|  |TAMS 0x0000000082400000, 0x0000000082300000| Untracked 
|  36|0x0000000082400000, 0x0000000082500000, 0x0000000082500000|100%| O|  |TAMS 0x0000000082500000, 0x0000000082400000| Untracked 
|  37|0x0000000082500000, 0x0000000082600000, 0x0000000082600000|100%| O|  |TAMS 0x0000000082600000, 0x0000000082500000| Untracked 
|  38|0x0000000082600000, 0x0000000082700000, 0x0000000082700000|100%| O|  |TAMS 0x0000000082700000, 0x0000000082600000| Untracked 
|  39|0x0000000082700000, 0x0000000082800000, 0x0000000082800000|100%| O|  |TAMS 0x0000000082800000, 0x0000000082700000| Untracked 
|  40|0x0000000082800000, 0x0000000082900000, 0x0000000082900000|100%| O|  |TAMS 0x0000000082900000, 0x0000000082800000| Untracked 
|  41|0x0000000082900000, 0x0000000082a00000, 0x0000000082a00000|100%| O|  |TAMS 0x0000000082a00000, 0x0000000082900000| Untracked 
|  42|0x0000000082a00000, 0x0000000082b00000, 0x0000000082b00000|100%| O|  |TAMS 0x0000000082b00000, 0x0000000082a00000| Untracked 
|  43|0x0000000082b00000, 0x0000000082c00000, 0x0000000082c00000|100%| O|  |TAMS 0x0000000082c00000, 0x0000000082b00000| Untracked 
|  44|0x0000000082c00000, 0x0000000082d00000, 0x0000000082d00000|100%| O|  |TAMS 0x0000000082d00000, 0x0000000082c00000| Untracked 
|  45|0x0000000082d00000, 0x0000000082e00000, 0x0000000082e00000|100%| O|  |TAMS 0x0000000082e00000, 0x0000000082d00000| Untracked 
|  46|0x0000000082e00000, 0x0000000082f00000, 0x0000000082f00000|100%| O|  |TAMS 0x0000000082f00000, 0x0000000082e00000| Untracked 
|  47|0x0000000082f00000, 0x0000000083000000, 0x0000000083000000|100%| O|  |TAMS 0x0000000083000000, 0x0000000082f00000| Untracked 
|  48|0x0000000083000000, 0x0000000083100000, 0x0000000083100000|100%| O|  |TAMS 0x0000000083100000, 0x0000000083000000| Untracked 
|  49|0x0000000083100000, 0x0000000083200000, 0x0000000083200000|100%| O|  |TAMS 0x0000000083200000, 0x0000000083100000| Untracked 
|  50|0x0000000083200000, 0x0000000083300000, 0x0000000083300000|100%| O|  |TAMS 0x0000000083300000, 0x0000000083200000| Untracked 
|  51|0x0000000083300000, 0x0000000083400000, 0x0000000083400000|100%| O|  |TAMS 0x0000000083400000, 0x0000000083300000| Untracked 
|  52|0x0000000083400000, 0x0000000083500000, 0x0000000083500000|100%| O|  |TAMS 0x0000000083500000, 0x0000000083400000| Untracked 
|  53|0x0000000083500000, 0x0000000083600000, 0x0000000083600000|100%| O|  |TAMS 0x0000000083500000, 0x0000000083500000| Untracked 
|  54|0x0000000083600000, 0x0000000083700000, 0x0000000083700000|100%| O|  |TAMS 0x0000000083700000, 0x0000000083600000| Untracked 
|  55|0x0000000083700000, 0x0000000083800000, 0x0000000083800000|100%| O|  |TAMS 0x0000000083800000, 0x0000000083700000| Untracked 
|  56|0x0000000083800000, 0x0000000083900000, 0x0000000083900000|100%| O|  |TAMS 0x0000000083900000, 0x0000000083800000| Untracked 
|  57|0x0000000083900000, 0x0000000083a00000, 0x0000000083a00000|100%| O|  |TAMS 0x0000000083a00000, 0x0000000083900000| Untracked 
|  58|0x0000000083a00000, 0x0000000083b00000, 0x0000000083b00000|100%| O|  |TAMS 0x0000000083b00000, 0x0000000083a00000| Untracked 
|  59|0x0000000083b00000, 0x0000000083c00000, 0x0000000083c00000|100%| O|  |TAMS 0x0000000083c00000, 0x0000000083b00000| Untracked 
|  60|0x0000000083c00000, 0x0000000083d00000, 0x0000000083d00000|100%| O|  |TAMS 0x0000000083d00000, 0x0000000083c00000| Untracked 
|  61|0x0000000083d00000, 0x0000000083e00000, 0x0000000083e00000|100%| O|  |TAMS 0x0000000083e00000, 0x0000000083d00000| Untracked 
|  62|0x0000000083e00000, 0x0000000083f00000, 0x0000000083f00000|100%| O|  |TAMS 0x0000000083f00000, 0x0000000083e00000| Untracked 
|  63|0x0000000083f00000, 0x0000000084000000, 0x0000000084000000|100%| O|  |TAMS 0x0000000084000000, 0x0000000083f00000| Untracked 
|  64|0x0000000084000000, 0x0000000084100000, 0x0000000084100000|100%| O|  |TAMS 0x0000000084100000, 0x0000000084000000| Untracked 
|  65|0x0000000084100000, 0x0000000084200000, 0x0000000084200000|100%| O|  |TAMS 0x0000000084200000, 0x0000000084100000| Untracked 
|  66|0x0000000084200000, 0x0000000084300000, 0x0000000084300000|100%| O|  |TAMS 0x0000000084300000, 0x0000000084200000| Untracked 
|  67|0x0000000084300000, 0x0000000084400000, 0x0000000084400000|100%| O|  |TAMS 0x0000000084400000, 0x0000000084300000| Untracked 
|  68|0x0000000084400000, 0x0000000084500000, 0x0000000084500000|100%| O|  |TAMS 0x0000000084500000, 0x0000000084400000| Untracked 
|  69|0x0000000084500000, 0x0000000084600000, 0x0000000084600000|100%| O|  |TAMS 0x0000000084600000, 0x0000000084500000| Untracked 
|  70|0x0000000084600000, 0x0000000084700000, 0x0000000084700000|100%| O|  |TAMS 0x0000000084700000, 0x0000000084600000| Untracked 
|  71|0x0000000084700000, 0x0000000084800000, 0x0000000084800000|100%| O|  |TAMS 0x0000000084800000, 0x0000000084700000| Untracked 
|  72|0x0000000084800000, 0x0000000084900000, 0x0000000084900000|100%| O|  |TAMS 0x0000000084900000, 0x0000000084800000| Untracked 
|  73|0x0000000084900000, 0x0000000084a00000, 0x0000000084a00000|100%| O|  |TAMS 0x0000000084a00000, 0x0000000084900000| Untracked 
|  74|0x0000000084a00000, 0x0000000084b00000, 0x0000000084b00000|100%| O|  |TAMS 0x0000000084b00000, 0x0000000084a00000| Untracked 
|  75|0x0000000084b00000, 0x0000000084c00000, 0x0000000084c00000|100%| O|  |TAMS 0x0000000084c00000, 0x0000000084b00000| Untracked 
|  76|0x0000000084c00000, 0x0000000084d00000, 0x0000000084d00000|100%| O|  |TAMS 0x0000000084d00000, 0x0000000084c00000| Untracked 
|  77|0x0000000084d00000, 0x0000000084e00000, 0x0000000084e00000|100%| O|  |TAMS 0x0000000084e00000, 0x0000000084d00000| Untracked 
|  78|0x0000000084e00000, 0x0000000084f00000, 0x0000000084f00000|100%| O|  |TAMS 0x0000000084f00000, 0x0000000084e00000| Untracked 
|  79|0x0000000084f00000, 0x0000000085000000, 0x0000000085000000|100%| O|  |TAMS 0x0000000085000000, 0x0000000084f00000| Untracked 
|  80|0x0000000085000000, 0x0000000085100000, 0x0000000085100000|100%| O|  |TAMS 0x0000000085080400, 0x0000000085000000| Untracked 
|  81|0x0000000085100000, 0x0000000085200000, 0x0000000085200000|100%| O|  |TAMS 0x0000000085100000, 0x0000000085100000| Untracked 
|  82|0x0000000085200000, 0x0000000085300000, 0x0000000085300000|100%| O|  |TAMS 0x0000000085200000, 0x0000000085200000| Untracked 
|  83|0x0000000085300000, 0x0000000085400000, 0x0000000085400000|100%| O|  |TAMS 0x0000000085400000, 0x0000000085300000| Untracked 
|  84|0x0000000085400000, 0x0000000085500000, 0x0000000085500000|100%| O|  |TAMS 0x0000000085500000, 0x0000000085400000| Untracked 
|  85|0x0000000085500000, 0x0000000085600000, 0x0000000085600000|100%| O|  |TAMS 0x0000000085600000, 0x0000000085500000| Untracked 
|  86|0x0000000085600000, 0x0000000085700000, 0x0000000085700000|100%| O|  |TAMS 0x0000000085700000, 0x0000000085600000| Untracked 
|  87|0x0000000085700000, 0x0000000085800000, 0x0000000085800000|100%| O|  |TAMS 0x0000000085800000, 0x0000000085700000| Untracked 
|  88|0x0000000085800000, 0x0000000085900000, 0x0000000085900000|100%| O|  |TAMS 0x0000000085900000, 0x0000000085800000| Untracked 
|  89|0x0000000085900000, 0x0000000085a00000, 0x0000000085a00000|100%| O|  |TAMS 0x0000000085a00000, 0x0000000085900000| Untracked 
|  90|0x0000000085a00000, 0x0000000085b00000, 0x0000000085b00000|100%| O|  |TAMS 0x0000000085b00000, 0x0000000085a00000| Untracked 
|  91|0x0000000085b00000, 0x0000000085c00000, 0x0000000085c00000|100%| O|  |TAMS 0x0000000085c00000, 0x0000000085b00000| Untracked 
|  92|0x0000000085c00000, 0x0000000085d00000, 0x0000000085d00000|100%| O|  |TAMS 0x0000000085c00000, 0x0000000085c00000| Untracked 
|  93|0x0000000085d00000, 0x0000000085e00000, 0x0000000085e00000|100%| O|  |TAMS 0x0000000085e00000, 0x0000000085d00000| Untracked 
|  94|0x0000000085e00000, 0x0000000085f00000, 0x0000000085f00000|100%| O|  |TAMS 0x0000000085f00000, 0x0000000085e00000| Untracked 
|  95|0x0000000085f00000, 0x0000000086000000, 0x0000000086000000|100%| O|  |TAMS 0x0000000086000000, 0x0000000085f00000| Untracked 
|  96|0x0000000086000000, 0x0000000086100000, 0x0000000086100000|100%| O|  |TAMS 0x0000000086100000, 0x0000000086000000| Untracked 
|  97|0x0000000086100000, 0x0000000086200000, 0x0000000086200000|100%| O|  |TAMS 0x0000000086200000, 0x0000000086100000| Untracked 
|  98|0x0000000086200000, 0x0000000086300000, 0x0000000086300000|100%| O|  |TAMS 0x0000000086300000, 0x0000000086200000| Untracked 
|  99|0x0000000086300000, 0x0000000086400000, 0x0000000086400000|100%| O|  |TAMS 0x0000000086400000, 0x0000000086300000| Untracked 
| 100|0x0000000086400000, 0x0000000086500000, 0x0000000086500000|100%| O|  |TAMS 0x0000000086500000, 0x0000000086400000| Untracked 
| 101|0x0000000086500000, 0x0000000086600000, 0x0000000086600000|100%| O|  |TAMS 0x0000000086600000, 0x0000000086500000| Untracked 
| 102|0x0000000086600000, 0x0000000086700000, 0x0000000086700000|100%| O|  |TAMS 0x0000000086700000, 0x0000000086600000| Untracked 
| 103|0x0000000086700000, 0x0000000086800000, 0x0000000086800000|100%| O|  |TAMS 0x0000000086800000, 0x0000000086700000| Untracked 
| 104|0x0000000086800000, 0x0000000086900000, 0x0000000086900000|100%| O|  |TAMS 0x0000000086900000, 0x0000000086800000| Untracked 
| 105|0x0000000086900000, 0x0000000086a00000, 0x0000000086a00000|100%| O|  |TAMS 0x0000000086a00000, 0x0000000086900000| Untracked 
| 106|0x0000000086a00000, 0x0000000086b00000, 0x0000000086b00000|100%| O|  |TAMS 0x0000000086b00000, 0x0000000086a00000| Untracked 
| 107|0x0000000086b00000, 0x0000000086c00000, 0x0000000086c00000|100%| O|  |TAMS 0x0000000086c00000, 0x0000000086b00000| Untracked 
| 108|0x0000000086c00000, 0x0000000086d00000, 0x0000000086d00000|100%| O|  |TAMS 0x0000000086d00000, 0x0000000086c00000| Untracked 
| 109|0x0000000086d00000, 0x0000000086e00000, 0x0000000086e00000|100%| O|  |TAMS 0x0000000086e00000, 0x0000000086d00000| Untracked 
| 110|0x0000000086e00000, 0x0000000086f00000, 0x0000000086f00000|100%| O|  |TAMS 0x0000000086e00000, 0x0000000086e00000| Untracked 
| 111|0x0000000086f00000, 0x0000000087000000, 0x0000000087000000|100%| O|  |TAMS 0x0000000087000000, 0x0000000086f00000| Untracked 
| 112|0x0000000087000000, 0x0000000087100000, 0x0000000087100000|100%| O|  |TAMS 0x0000000087100000, 0x0000000087000000| Untracked 
| 113|0x0000000087100000, 0x0000000087200000, 0x0000000087200000|100%| O|  |TAMS 0x0000000087200000, 0x0000000087100000| Untracked 
| 114|0x0000000087200000, 0x0000000087300000, 0x0000000087300000|100%| O|  |TAMS 0x0000000087300000, 0x0000000087200000| Untracked 
| 115|0x0000000087300000, 0x0000000087400000, 0x0000000087400000|100%| O|  |TAMS 0x0000000087400000, 0x0000000087300000| Untracked 
| 116|0x0000000087400000, 0x0000000087500000, 0x0000000087500000|100%| O|  |TAMS 0x0000000087500000, 0x0000000087400000| Untracked 
| 117|0x0000000087500000, 0x0000000087600000, 0x0000000087600000|100%| O|  |TAMS 0x0000000087600000, 0x0000000087500000| Untracked 
| 118|0x0000000087600000, 0x0000000087700000, 0x0000000087700000|100%| O|  |TAMS 0x0000000087700000, 0x0000000087600000| Untracked 
| 119|0x0000000087700000, 0x0000000087800000, 0x0000000087800000|100%| O|  |TAMS 0x0000000087800000, 0x0000000087700000| Untracked 
| 120|0x0000000087800000, 0x0000000087900000, 0x0000000087900000|100%| O|  |TAMS 0x0000000087900000, 0x0000000087800000| Untracked 
| 121|0x0000000087900000, 0x0000000087a00000, 0x0000000087a00000|100%| O|  |TAMS 0x0000000087a00000, 0x0000000087900000| Untracked 
| 122|0x0000000087a00000, 0x0000000087b00000, 0x0000000087b00000|100%| O|  |TAMS 0x0000000087b00000, 0x0000000087a00000| Untracked 
| 123|0x0000000087b00000, 0x0000000087c00000, 0x0000000087c00000|100%| O|  |TAMS 0x0000000087c00000, 0x0000000087b00000| Untracked 
| 124|0x0000000087c00000, 0x0000000087d00000, 0x0000000087d00000|100%| O|  |TAMS 0x0000000087c00000, 0x0000000087c00000| Untracked 
| 125|0x0000000087d00000, 0x0000000087e00000, 0x0000000087e00000|100%| O|  |TAMS 0x0000000087e00000, 0x0000000087d00000| Untracked 
| 126|0x0000000087e00000, 0x0000000087f00000, 0x0000000087f00000|100%| O|  |TAMS 0x0000000087f00000, 0x0000000087e00000| Untracked 
| 127|0x0000000087f00000, 0x0000000088000000, 0x0000000088000000|100%| O|  |TAMS 0x0000000088000000, 0x0000000087f00000| Untracked 
| 128|0x0000000088000000, 0x0000000088100000, 0x0000000088100000|100%| O|  |TAMS 0x0000000088100000, 0x0000000088000000| Untracked 
| 129|0x0000000088100000, 0x0000000088200000, 0x0000000088200000|100%| O|  |TAMS 0x0000000088100000, 0x0000000088100000| Untracked 
| 130|0x0000000088200000, 0x0000000088300000, 0x0000000088300000|100%| O|  |TAMS 0x0000000088200000, 0x0000000088200000| Untracked 
| 131|0x0000000088300000, 0x0000000088400000, 0x0000000088400000|100%| O|  |TAMS 0x0000000088300000, 0x0000000088300000| Untracked 
| 132|0x0000000088400000, 0x0000000088500000, 0x0000000088500000|100%| O|  |TAMS 0x0000000088400000, 0x0000000088400000| Untracked 
| 133|0x0000000088500000, 0x0000000088600000, 0x0000000088600000|100%| O|  |TAMS 0x0000000088500000, 0x0000000088500000| Untracked 
| 134|0x0000000088600000, 0x0000000088700000, 0x0000000088700000|100%| O|  |TAMS 0x0000000088600000, 0x0000000088600000| Untracked 
| 135|0x0000000088700000, 0x0000000088800000, 0x0000000088800000|100%| O|  |TAMS 0x0000000088700000, 0x0000000088700000| Untracked 
| 136|0x0000000088800000, 0x0000000088900000, 0x0000000088900000|100%| O|  |TAMS 0x0000000088800000, 0x0000000088800000| Untracked 
| 137|0x0000000088900000, 0x0000000088a00000, 0x0000000088a00000|100%| O|  |TAMS 0x0000000088900000, 0x0000000088900000| Untracked 
| 138|0x0000000088a00000, 0x0000000088b00000, 0x0000000088b00000|100%| O|  |TAMS 0x0000000088a00000, 0x0000000088a00000| Untracked 
| 139|0x0000000088b00000, 0x0000000088c00000, 0x0000000088c00000|100%| O|  |TAMS 0x0000000088b00000, 0x0000000088b00000| Untracked 
| 140|0x0000000088c00000, 0x0000000088d00000, 0x0000000088d00000|100%| O|  |TAMS 0x0000000088c00000, 0x0000000088c00000| Untracked 
| 141|0x0000000088d00000, 0x0000000088e00000, 0x0000000088e00000|100%| O|  |TAMS 0x0000000088d00000, 0x0000000088d00000| Untracked 
| 142|0x0000000088e00000, 0x0000000088f00000, 0x0000000088f00000|100%| O|  |TAMS 0x0000000088e00000, 0x0000000088e00000| Untracked 
| 143|0x0000000088f00000, 0x0000000089000000, 0x0000000089000000|100%| O|  |TAMS 0x0000000088f00000, 0x0000000088f00000| Untracked 
| 144|0x0000000089000000, 0x0000000089100000, 0x0000000089100000|100%| O|  |TAMS 0x0000000089000000, 0x0000000089000000| Untracked 
| 145|0x0000000089100000, 0x0000000089200000, 0x0000000089200000|100%|HS|  |TAMS 0x0000000089100000, 0x0000000089100000| Complete 
| 146|0x0000000089200000, 0x0000000089300000, 0x0000000089300000|100%|HC|  |TAMS 0x0000000089200000, 0x0000000089200000| Complete 
| 147|0x0000000089300000, 0x0000000089366200, 0x0000000089400000| 39%| O|  |TAMS 0x0000000089300000, 0x0000000089300000| Untracked 
| 148|0x0000000089400000, 0x0000000089400000, 0x0000000089500000|  0%| F|  |TAMS 0x0000000089400000, 0x0000000089400000| Untracked 
| 149|0x0000000089500000, 0x0000000089500000, 0x0000000089600000|  0%| F|  |TAMS 0x0000000089500000, 0x0000000089500000| Untracked 
| 150|0x0000000089600000, 0x0000000089600000, 0x0000000089700000|  0%| F|  |TAMS 0x0000000089600000, 0x0000000089600000| Untracked 
| 151|0x0000000089700000, 0x0000000089700000, 0x0000000089800000|  0%| F|  |TAMS 0x0000000089700000, 0x0000000089700000| Untracked 
| 152|0x0000000089800000, 0x0000000089800000, 0x0000000089900000|  0%| F|  |TAMS 0x0000000089800000, 0x0000000089800000| Untracked 
| 153|0x0000000089900000, 0x0000000089900000, 0x0000000089a00000|  0%| F|  |TAMS 0x0000000089900000, 0x0000000089900000| Untracked 
| 154|0x0000000089a00000, 0x0000000089a00000, 0x0000000089b00000|  0%| F|  |TAMS 0x0000000089a00000, 0x0000000089a00000| Untracked 
| 155|0x0000000089b00000, 0x0000000089b00000, 0x0000000089c00000|  0%| F|  |TAMS 0x0000000089b00000, 0x0000000089b00000| Untracked 
| 156|0x0000000089c00000, 0x0000000089c00000, 0x0000000089d00000|  0%| F|  |TAMS 0x0000000089c00000, 0x0000000089c00000| Untracked 
| 157|0x0000000089d00000, 0x0000000089d00000, 0x0000000089e00000|  0%| F|  |TAMS 0x0000000089d00000, 0x0000000089d00000| Untracked 
| 158|0x0000000089e00000, 0x0000000089e00000, 0x0000000089f00000|  0%| F|  |TAMS 0x0000000089e00000, 0x0000000089e00000| Untracked 
| 159|0x0000000089f00000, 0x0000000089f00000, 0x000000008a000000|  0%| F|  |TAMS 0x0000000089f00000, 0x0000000089f00000| Untracked 
| 160|0x000000008a000000, 0x000000008a000000, 0x000000008a100000|  0%| F|  |TAMS 0x000000008a000000, 0x000000008a000000| Untracked 
| 161|0x000000008a100000, 0x000000008a100000, 0x000000008a200000|  0%| F|  |TAMS 0x000000008a100000, 0x000000008a100000| Untracked 
| 162|0x000000008a200000, 0x000000008a200000, 0x000000008a300000|  0%| F|  |TAMS 0x000000008a200000, 0x000000008a200000| Untracked 
| 163|0x000000008a300000, 0x000000008a300000, 0x000000008a400000|  0%| F|  |TAMS 0x000000008a300000, 0x000000008a300000| Untracked 
| 164|0x000000008a400000, 0x000000008a400000, 0x000000008a500000|  0%| F|  |TAMS 0x000000008a400000, 0x000000008a400000| Untracked 
| 165|0x000000008a500000, 0x000000008a500000, 0x000000008a600000|  0%| F|  |TAMS 0x000000008a500000, 0x000000008a500000| Untracked 
| 166|0x000000008a600000, 0x000000008a600000, 0x000000008a700000|  0%| F|  |TAMS 0x000000008a600000, 0x000000008a600000| Untracked 
| 167|0x000000008a700000, 0x000000008a700000, 0x000000008a800000|  0%| F|  |TAMS 0x000000008a700000, 0x000000008a700000| Untracked 
| 168|0x000000008a800000, 0x000000008a800000, 0x000000008a900000|  0%| F|  |TAMS 0x000000008a800000, 0x000000008a800000| Untracked 
| 169|0x000000008a900000, 0x000000008aa00000, 0x000000008aa00000|100%| S|CS|TAMS 0x000000008a900000, 0x000000008a900000| Complete 
| 170|0x000000008aa00000, 0x000000008aa00000, 0x000000008ab00000|  0%| F|  |TAMS 0x000000008aa00000, 0x000000008aa00000| Untracked 
| 171|0x000000008ab00000, 0x000000008ac00000, 0x000000008ac00000|100%| S|CS|TAMS 0x000000008ab00000, 0x000000008ab00000| Complete 
| 172|0x000000008ac00000, 0x000000008ad00000, 0x000000008ad00000|100%| S|CS|TAMS 0x000000008ac00000, 0x000000008ac00000| Complete 
| 173|0x000000008ad00000, 0x000000008ae00000, 0x000000008ae00000|100%| S|CS|TAMS 0x000000008ad00000, 0x000000008ad00000| Complete 
| 174|0x000000008ae00000, 0x000000008ae00000, 0x000000008af00000|  0%| F|  |TAMS 0x000000008ae00000, 0x000000008ae00000| Untracked 
| 175|0x000000008af00000, 0x000000008af00000, 0x000000008b000000|  0%| F|  |TAMS 0x000000008af00000, 0x000000008af00000| Untracked 
| 176|0x000000008b000000, 0x000000008b100000, 0x000000008b100000|100%| S|CS|TAMS 0x000000008b000000, 0x000000008b000000| Complete 
| 177|0x000000008b100000, 0x000000008b100000, 0x000000008b200000|  0%| F|  |TAMS 0x000000008b100000, 0x000000008b100000| Untracked 
| 178|0x000000008b200000, 0x000000008b200000, 0x000000008b300000|  0%| F|  |TAMS 0x000000008b200000, 0x000000008b200000| Untracked 
| 179|0x000000008b300000, 0x000000008b300000, 0x000000008b400000|  0%| F|  |TAMS 0x000000008b300000, 0x000000008b300000| Untracked 
| 180|0x000000008b400000, 0x000000008b400000, 0x000000008b500000|  0%| F|  |TAMS 0x000000008b400000, 0x000000008b400000| Untracked 
| 181|0x000000008b500000, 0x000000008b500000, 0x000000008b600000|  0%| F|  |TAMS 0x000000008b500000, 0x000000008b500000| Untracked 
| 182|0x000000008b600000, 0x000000008b600000, 0x000000008b700000|  0%| F|  |TAMS 0x000000008b600000, 0x000000008b600000| Untracked 
| 183|0x000000008b700000, 0x000000008b700000, 0x000000008b800000|  0%| F|  |TAMS 0x000000008b700000, 0x000000008b700000| Untracked 
| 184|0x000000008b800000, 0x000000008b800000, 0x000000008b900000|  0%| F|  |TAMS 0x000000008b800000, 0x000000008b800000| Untracked 
| 185|0x000000008b900000, 0x000000008b900000, 0x000000008ba00000|  0%| F|  |TAMS 0x000000008b900000, 0x000000008b900000| Untracked 
| 186|0x000000008ba00000, 0x000000008ba00000, 0x000000008bb00000|  0%| F|  |TAMS 0x000000008ba00000, 0x000000008ba00000| Untracked 
| 187|0x000000008bb00000, 0x000000008bb00000, 0x000000008bc00000|  0%| F|  |TAMS 0x000000008bb00000, 0x000000008bb00000| Untracked 
| 188|0x000000008bc00000, 0x000000008bc00000, 0x000000008bd00000|  0%| F|  |TAMS 0x000000008bc00000, 0x000000008bc00000| Untracked 
| 189|0x000000008bd00000, 0x000000008bd00000, 0x000000008be00000|  0%| F|  |TAMS 0x000000008bd00000, 0x000000008bd00000| Untracked 
| 190|0x000000008be00000, 0x000000008be00000, 0x000000008bf00000|  0%| F|  |TAMS 0x000000008be00000, 0x000000008be00000| Untracked 
| 191|0x000000008bf00000, 0x000000008bf00000, 0x000000008c000000|  0%| F|  |TAMS 0x000000008bf00000, 0x000000008bf00000| Untracked 
| 192|0x000000008c000000, 0x000000008c0f51d8, 0x000000008c100000| 95%| E|  |TAMS 0x000000008c000000, 0x000000008c000000| Complete 
| 193|0x000000008c100000, 0x000000008c200000, 0x000000008c200000|100%| E|CS|TAMS 0x000000008c100000, 0x000000008c100000| Complete 
| 194|0x000000008c200000, 0x000000008c300000, 0x000000008c300000|100%| E|CS|TAMS 0x000000008c200000, 0x000000008c200000| Complete 
| 195|0x000000008c300000, 0x000000008c400000, 0x000000008c400000|100%| E|CS|TAMS 0x000000008c300000, 0x000000008c300000| Complete 
| 196|0x000000008c400000, 0x000000008c500000, 0x000000008c500000|100%| E|CS|TAMS 0x000000008c400000, 0x000000008c400000| Complete 
| 197|0x000000008c500000, 0x000000008c600000, 0x000000008c600000|100%| E|CS|TAMS 0x000000008c500000, 0x000000008c500000| Complete 
| 198|0x000000008c600000, 0x000000008c700000, 0x000000008c700000|100%| E|CS|TAMS 0x000000008c600000, 0x000000008c600000| Complete 
| 199|0x000000008c700000, 0x000000008c800000, 0x000000008c800000|100%| E|CS|TAMS 0x000000008c700000, 0x000000008c700000| Complete 
| 200|0x000000008c800000, 0x000000008c900000, 0x000000008c900000|100%| E|  |TAMS 0x000000008c800000, 0x000000008c800000| Complete 
| 201|0x000000008c900000, 0x000000008ca00000, 0x000000008ca00000|100%| E|CS|TAMS 0x000000008c900000, 0x000000008c900000| Complete 
| 202|0x000000008ca00000, 0x000000008cb00000, 0x000000008cb00000|100%| E|CS|TAMS 0x000000008ca00000, 0x000000008ca00000| Complete 
| 203|0x000000008cb00000, 0x000000008cc00000, 0x000000008cc00000|100%| E|CS|TAMS 0x000000008cb00000, 0x000000008cb00000| Complete 
| 204|0x000000008cc00000, 0x000000008cd00000, 0x000000008cd00000|100%| E|CS|TAMS 0x000000008cc00000, 0x000000008cc00000| Complete 
| 205|0x000000008cd00000, 0x000000008ce00000, 0x000000008ce00000|100%| E|CS|TAMS 0x000000008cd00000, 0x000000008cd00000| Complete 
| 206|0x000000008ce00000, 0x000000008cf00000, 0x000000008cf00000|100%| E|CS|TAMS 0x000000008ce00000, 0x000000008ce00000| Complete 
| 207|0x000000008cf00000, 0x000000008d000000, 0x000000008d000000|100%| O|  |TAMS 0x000000008cf00000, 0x000000008cf00000| Untracked 
| 208|0x000000008d000000, 0x000000008d100000, 0x000000008d100000|100%| O|  |TAMS 0x000000008d000000, 0x000000008d000000| Untracked 

Card table byte_map: [0x000001ded6b50000,0x000001ded6f50000] _byte_map_base: 0x000001ded6750000

Marking Bits (Prev, Next): (CMBitMap*) 0x000001dec395f770, (CMBitMap*) 0x000001dec395f738
 Prev Bits: [0x000001ded9350000, 0x000001dedb350000)
 Next Bits: [0x000001ded7350000, 0x000001ded9350000)

Polling page: 0x000001dec30f0000

Metaspace:

Usage:
  Non-class:     97.33 MB capacity,    95.51 MB ( 98%) used,     1.47 MB (  2%) free+waste,   355.75 KB ( <1%) overhead. 
      Class:     15.10 MB capacity,    14.01 MB ( 93%) used,   959.65 KB (  6%) free+waste,   159.63 KB (  1%) overhead. 
       Both:    112.43 MB capacity,   109.52 MB ( 97%) used,     2.41 MB (  2%) free+waste,   515.38 KB ( <1%) overhead. 

Virtual space:
  Non-class space:       98.00 MB reserved,      97.42 MB (>99%) committed 
      Class space:        1.00 GB reserved,      15.13 MB (  1%) committed 
             Both:        1.10 GB reserved,     112.54 MB ( 10%) committed 

Chunk freelists:
   Non-Class:  25.00 KB
       Class:  27.00 KB
        Both:  52.00 KB

MaxMetaspaceSize: 17179869184.00 GB
CompressedClassSpaceSize: 1.00 GB
Initial GC threshold: 20.80 MB
Current GC threshold: 166.95 MB
CDS: off

CodeHeap 'non-profiled nmethods': size=120000Kb used=12774Kb max_used=12879Kb free=107225Kb
 bounds [0x000001deceef0000, 0x000001decfba0000, 0x000001ded6420000]
CodeHeap 'profiled nmethods': size=120000Kb used=36176Kb max_used=36755Kb free=83823Kb
 bounds [0x000001dec79c0000, 0x000001dec9dd0000, 0x000001deceef0000]
CodeHeap 'non-nmethods': size=5760Kb used=2465Kb max_used=2491Kb free=3294Kb
 bounds [0x000001dec7420000, 0x000001dec76a0000, 0x000001dec79c0000]
 total_blobs=17256 nmethods=16258 adapters=909
 compilation: enabled
              stopped_count=0, restarted_count=0
 full_count=0

Compilation events (20 events):
Event: 334.164 Thread 0x000001dede67c000 nmethod 17217 0x000001dec7a21f10 code [0x000001dec7a22160, 0x000001dec7a22b08]
Event: 334.164 Thread 0x000001dede67c000 17219       3       com.android.tools.r8.internal.q::hasNext (17 bytes)
Event: 334.164 Thread 0x000001dede67c000 nmethod 17219 0x000001dec7f4b510 code [0x000001dec7f4b6c0, 0x000001dec7f4b818]
Event: 334.176 Thread 0x000001dede67c000 17220       3       com.android.tools.r8.graph.S0::g (62 bytes)
Event: 334.176 Thread 0x000001dede674800 17221       4       com.android.tools.r8.internal.jm::d (140 bytes)
Event: 334.177 Thread 0x000001dede67c000 nmethod 17220 0x000001dec7a20f10 code [0x000001dec7a21160, 0x000001dec7a21c08]
Event: 334.177 Thread 0x000001dede67c000 17222       3       com.android.tools.r8.internal.kn::a (176 bytes)
Event: 334.177 Thread 0x000001dede674800 nmethod 17221 0x000001decefd4290 code [0x000001decefd4420, 0x000001decefd44d8]
Event: 334.179 Thread 0x000001dede67c000 nmethod 17222 0x000001dec81c3810 code [0x000001dec81c3ac0, 0x000001dec81c4628]
Event: 334.212 Thread 0x000001dede67c000 17223       3       java.lang.Integer::toString (8 bytes)
Event: 334.213 Thread 0x000001dede67c000 nmethod 17223 0x000001dec7f4d990 code [0x000001dec7f4db40, 0x000001dec7f4dc68]
Event: 334.213 Thread 0x000001dede67c000 17226       3       com.android.tools.r8.graph.e1::g (24 bytes)
Event: 334.213 Thread 0x000001dede67c000 nmethod 17226 0x000001dec81c3090 code [0x000001dec81c3280, 0x000001dec81c36e8]
Event: 334.213 Thread 0x000001dede67c000 17224       3       com.android.tools.r8.graph.e1::d0 (8 bytes)
Event: 334.214 Thread 0x000001dede67c000 nmethod 17224 0x000001dec7f59510 code [0x000001dec7f596c0, 0x000001dec7f597e8]
Event: 334.214 Thread 0x000001dede67c000 17225       3       java.util.stream.IntPipeline$1$1::accept (23 bytes)
Event: 334.214 Thread 0x000001dede67c000 nmethod 17225 0x000001dec7a88e10 code [0x000001dec7a88fe0, 0x000001dec7a89278]
Event: 334.697 Thread 0x000001dede674800 17227       4       sun.invoke.util.VerifyAccess::isClassAccessible (182 bytes)
Event: 334.886 Thread 0x000001dede67c000 17230       3       com.android.tools.r8.internal.xa::g (26 bytes)
Event: 334.886 Thread 0x000001dede67c000 nmethod 17230 0x000001dec81c2c90 code [0x000001dec81c2e40, 0x000001dec81c2f98]

GC Heap History (20 events):
Event: 191.081 GC heap before
{Heap before GC invocations=49 (full 0):
 garbage-first heap   total 214016K, used 168709K [0x0000000080000000, 0x0000000100000000)
  region size 1024K, 41 young (41984K), 4 survivors (4096K)
 Metaspace       used 101870K, capacity 104316K, committed 104620K, reserved 1140736K
  class space    used 13007K, capacity 13964K, committed 14080K, reserved 1048576K
}
Event: 191.096 GC heap after
{Heap after GC invocations=50 (full 0):
 garbage-first heap   total 214016K, used 137374K [0x0000000080000000, 0x0000000100000000)
  region size 1024K, 6 young (6144K), 6 survivors (6144K)
 Metaspace       used 101870K, capacity 104316K, committed 104620K, reserved 1140736K
  class space    used 13007K, capacity 13964K, committed 14080K, reserved 1048576K
}
Event: 191.841 GC heap before
{Heap before GC invocations=50 (full 0):
 garbage-first heap   total 214016K, used 173214K [0x0000000080000000, 0x0000000100000000)
  region size 1024K, 41 young (41984K), 6 survivors (6144K)
 Metaspace       used 102004K, capacity 104518K, committed 104876K, reserved 1140736K
  class space    used 13008K, capacity 13966K, committed 14080K, reserved 1048576K
}
Event: 191.858 GC heap after
{Heap after GC invocations=51 (full 0):
 garbage-first heap   total 214016K, used 138958K [0x0000000080000000, 0x0000000100000000)
  region size 1024K, 2 young (2048K), 2 survivors (2048K)
 Metaspace       used 102004K, capacity 104518K, committed 104876K, reserved 1140736K
  class space    used 13008K, capacity 13966K, committed 14080K, reserved 1048576K
}
Event: 195.934 GC heap before
{Heap before GC invocations=51 (full 0):
 garbage-first heap   total 214016K, used 174798K [0x0000000080000000, 0x0000000100000000)
  region size 1024K, 38 young (38912K), 2 survivors (2048K)
 Metaspace       used 102080K, capacity 104530K, committed 104876K, reserved 1140736K
  class space    used 13009K, capacity 13968K, committed 14080K, reserved 1048576K
}
Event: 195.948 GC heap after
{Heap after GC invocations=52 (full 0):
 garbage-first heap   total 214016K, used 141709K [0x0000000080000000, 0x0000000100000000)
  region size 1024K, 5 young (5120K), 5 survivors (5120K)
 Metaspace       used 102080K, capacity 104530K, committed 104876K, reserved 1140736K
  class space    used 13009K, capacity 13968K, committed 14080K, reserved 1048576K
}
Event: 196.264 GC heap before
{Heap before GC invocations=52 (full 0):
 garbage-first heap   total 214016K, used 176525K [0x0000000080000000, 0x0000000100000000)
  region size 1024K, 40 young (40960K), 5 survivors (5120K)
 Metaspace       used 102114K, capacity 104530K, committed 104876K, reserved 1140736K
  class space    used 13009K, capacity 13968K, committed 14080K, reserved 1048576K
}
Event: 196.279 GC heap after
{Heap after GC invocations=53 (full 0):
 garbage-first heap   total 214016K, used 146663K [0x0000000080000000, 0x0000000100000000)
  region size 1024K, 5 young (5120K), 5 survivors (5120K)
 Metaspace       used 102114K, capacity 104530K, committed 104876K, reserved 1140736K
  class space    used 13009K, capacity 13968K, committed 14080K, reserved 1048576K
}
Event: 198.647 GC heap before
{Heap before GC invocations=53 (full 0):
 garbage-first heap   total 214016K, used 177383K [0x0000000080000000, 0x0000000100000000)
  region size 1024K, 36 young (36864K), 5 survivors (5120K)
 Metaspace       used 102334K, capacity 104806K, committed 105132K, reserved 1140736K
  class space    used 13028K, capacity 13972K, committed 14080K, reserved 1048576K
}
Event: 198.656 GC heap after
{Heap after GC invocations=54 (full 0):
 garbage-first heap   total 214016K, used 146595K [0x0000000080000000, 0x0000000100000000)
  region size 1024K, 2 young (2048K), 2 survivors (2048K)
 Metaspace       used 102334K, capacity 104806K, committed 105132K, reserved 1140736K
  class space    used 13028K, capacity 13972K, committed 14080K, reserved 1048576K
}
Event: 199.947 GC heap before
{Heap before GC invocations=54 (full 0):
 garbage-first heap   total 214016K, used 177315K [0x0000000080000000, 0x0000000100000000)
  region size 1024K, 33 young (33792K), 2 survivors (2048K)
 Metaspace       used 104228K, capacity 106758K, committed 106796K, reserved 1142784K
  class space    used 13242K, capacity 14196K, committed 14208K, reserved 1048576K
}
Event: 199.955 GC heap after
{Heap after GC invocations=55 (full 0):
 garbage-first heap   total 214016K, used 148055K [0x0000000080000000, 0x0000000100000000)
  region size 1024K, 3 young (3072K), 3 survivors (3072K)
 Metaspace       used 104228K, capacity 106758K, committed 106796K, reserved 1142784K
  class space    used 13242K, capacity 14196K, committed 14208K, reserved 1048576K
}
Event: 272.239 GC heap before
{Heap before GC invocations=55 (full 0):
 garbage-first heap   total 214016K, used 178775K [0x0000000080000000, 0x0000000100000000)
  region size 1024K, 34 young (34816K), 3 survivors (3072K)
 Metaspace       used 107184K, capacity 109876K, committed 110124K, reserved 1144832K
  class space    used 13669K, capacity 14683K, committed 14720K, reserved 1048576K
}
Event: 272.702 GC heap after
{Heap after GC invocations=56 (full 0):
 garbage-first heap   total 214016K, used 150564K [0x0000000080000000, 0x0000000100000000)
  region size 1024K, 5 young (5120K), 5 survivors (5120K)
 Metaspace       used 107184K, capacity 109876K, committed 110124K, reserved 1144832K
  class space    used 13669K, capacity 14683K, committed 14720K, reserved 1048576K
}
Event: 307.592 GC heap before
{Heap before GC invocations=56 (full 0):
 garbage-first heap   total 214016K, used 180260K [0x0000000080000000, 0x0000000100000000)
  region size 1024K, 35 young (35840K), 5 survivors (5120K)
 Metaspace       used 107336K, capacity 110051K, committed 110124K, reserved 1144832K
  class space    used 13684K, capacity 14695K, committed 14720K, reserved 1048576K
}
Event: 307.661 GC heap after
{Heap after GC invocations=57 (full 0):
 garbage-first heap   total 214016K, used 151446K [0x0000000080000000, 0x0000000100000000)
  region size 1024K, 4 young (4096K), 4 survivors (4096K)
 Metaspace       used 107336K, capacity 110051K, committed 110124K, reserved 1144832K
  class space    used 13684K, capacity 14695K, committed 14720K, reserved 1048576K
}
Event: 311.509 GC heap before
{Heap before GC invocations=57 (full 0):
 garbage-first heap   total 214016K, used 182166K [0x0000000080000000, 0x0000000100000000)
  region size 1024K, 34 young (34816K), 4 survivors (4096K)
 Metaspace       used 107589K, capacity 110379K, committed 110508K, reserved 1144832K
  class space    used 13716K, capacity 14739K, committed 14848K, reserved 1048576K
}
Event: 311.537 GC heap after
{Heap after GC invocations=58 (full 0):
 garbage-first heap   total 214016K, used 152759K [0x0000000080000000, 0x0000000100000000)
  region size 1024K, 3 young (3072K), 3 survivors (3072K)
 Metaspace       used 107589K, capacity 110379K, committed 110508K, reserved 1144832K
  class space    used 13716K, capacity 14739K, committed 14848K, reserved 1048576K
}
Event: 333.600 GC heap before
{Heap before GC invocations=58 (full 0):
 garbage-first heap   total 214016K, used 184503K [0x0000000080000000, 0x0000000100000000)
  region size 1024K, 33 young (33792K), 3 survivors (3072K)
 Metaspace       used 108955K, capacity 111794K, committed 111916K, reserved 1146880K
  class space    used 13903K, capacity 14958K, committed 14976K, reserved 1048576K
}
Event: 333.613 GC heap after
{Heap after GC invocations=59 (full 0):
 garbage-first heap   total 214016K, used 158104K [0x0000000080000000, 0x0000000100000000)
  region size 1024K, 5 young (5120K), 5 survivors (5120K)
 Metaspace       used 108955K, capacity 111794K, committed 111916K, reserved 1146880K
  class space    used 13903K, capacity 14958K, committed 14976K, reserved 1048576K
}

Deoptimization events (20 events):
Event: 333.332 Thread 0x000001dee8137800 Uncommon trap: trap_request=0xffffffde fr.pc=0x000001decf9a361c relative=0x000000000000015c
Event: 333.332 Thread 0x000001dee8132800 Uncommon trap: reason=class_check action=maybe_recompile pc=0x000001decf9a361c method=java.util.stream.AbstractPipeline.close()V @ 42 c2
Event: 333.332 Thread 0x000001dee8138800 Uncommon trap: trap_request=0xffffffde fr.pc=0x000001decf9a361c relative=0x000000000000015c
Event: 333.332 Thread 0x000001dee8136800 Uncommon trap: reason=class_check action=maybe_recompile pc=0x000001decf9a361c method=java.util.stream.AbstractPipeline.close()V @ 42 c2
Event: 333.332 Thread 0x000001dee8137800 Uncommon trap: reason=class_check action=maybe_recompile pc=0x000001decf9a361c method=java.util.stream.AbstractPipeline.close()V @ 42 c2
Event: 333.332 Thread 0x000001dee8138800 Uncommon trap: reason=class_check action=maybe_recompile pc=0x000001decf9a361c method=java.util.stream.AbstractPipeline.close()V @ 42 c2
Event: 333.333 Thread 0x000001dee8132800 DEOPT PACKING pc=0x000001decf9a361c sp=0x0000009514dfe0c0
Event: 333.333 Thread 0x000001dee8132800 DEOPT UNPACKING pc=0x000001dec746a1af sp=0x0000009514dfe068 mode 2
Event: 333.333 Thread 0x000001dee8138800 DEOPT PACKING pc=0x000001decf9a361c sp=0x00000095147fdde0
Event: 333.333 Thread 0x000001dee8136800 DEOPT PACKING pc=0x000001decf9a361c sp=0x00000095146fdb80
Event: 333.333 Thread 0x000001dee8138800 DEOPT UNPACKING pc=0x000001dec746a1af sp=0x00000095147fdd88 mode 2
Event: 333.333 Thread 0x000001dee8137800 DEOPT PACKING pc=0x000001decf9a361c sp=0x0000009514cfe3c0
Event: 333.333 Thread 0x000001dee8136800 DEOPT UNPACKING pc=0x000001dec746a1af sp=0x00000095146fdb28 mode 2
Event: 333.336 Thread 0x000001dee8137800 DEOPT UNPACKING pc=0x000001dec746a1af sp=0x0000009514cfe368 mode 2
Event: 333.632 Thread 0x000001dee812e800 Uncommon trap: trap_request=0xffffffde fr.pc=0x000001decf9a361c relative=0x000000000000015c
Event: 333.632 Thread 0x000001dee812e800 Uncommon trap: reason=class_check action=maybe_recompile pc=0x000001decf9a361c method=java.util.stream.AbstractPipeline.close()V @ 42 c2
Event: 333.632 Thread 0x000001dee812e800 DEOPT PACKING pc=0x000001decf9a361c sp=0x0000009513efdd50
Event: 333.634 Thread 0x000001dee812e800 DEOPT UNPACKING pc=0x000001dec746a1af sp=0x0000009513efdcf8 mode 2
Event: 334.131 Thread 0x000001dee8135000 DEOPT PACKING pc=0x000001dec80c919b sp=0x00000095133fcdf0
Event: 334.131 Thread 0x000001dee8135000 DEOPT UNPACKING pc=0x000001dec746a95e sp=0x00000095133fc260 mode 0

Classes redefined (0 events):
No events

Internal exceptions (20 events):
Event: 204.349 Thread 0x000001dee812c000 Exception <a 'java/lang/NoSuchMethodError'{0x000000008b598360}: <clinit>> (0x000000008b598360) thrown at [./src/hotspot/share/prims/jni.cpp, line 1365]
Event: 204.424 Thread 0x000001dee812c000 Exception <a 'java/lang/NoSuchMethodError'{0x000000008b4f0e48}: <clinit>> (0x000000008b4f0e48) thrown at [./src/hotspot/share/prims/jni.cpp, line 1365]
Event: 204.771 Thread 0x000001dee8132000 Exception <a 'java/lang/NoSuchMethodError'{0x000000008b2d22c8}: 'java.lang.Object java.lang.invoke.DirectMethodHandle$Holder.invokeStatic(java.lang.Object, java.lang.Object, java.lang.Object, java.lang.Object, java.lang.Object, java.lang.Object, java.lang.Object, java.lang.Object, java.lang.Object, java.lang.Object, java.lang.Object, java.lang.Object, java.lang.Object, int)'> (0x000000008b2d22c8) thrown at [./src/hotspot/share/interpreter/linkResolver.cpp, line 773]
Event: 204.774 Thread 0x000001dee8132000 Exception <a 'java/lang/NoSuchMethodError'{0x000000008b2df1e0}: 'java.lang.Object java.lang.invoke.DirectMethodHandle$Holder.invokeStatic(java.lang.Object, java.lang.Object, java.lang.Object, java.lang.Object, java.lang.Object, java.lang.Object, java.lang.Object, java.lang.Object, java.lang.Object, java.lang.Object, java.lang.Object, java.lang.Object, java.lang.Object, int, int)'> (0x000000008b2df1e0) thrown at [./src/hotspot/share/interpreter/linkResolver.cpp, line 773]
Event: 285.234 Thread 0x000001dee8135000 Exception <a 'java/lang/InterruptedException'{0x000000008b329d88}> (0x000000008b329d88) thrown at [./src/hotspot/share/runtime/objectMonitor.cpp, line 1635]
Event: 311.795 Thread 0x000001dee5f54000 Exception <a 'java/lang/NoSuchMethodError'{0x000000008cc701a8}: <clinit>> (0x000000008cc701a8) thrown at [./src/hotspot/share/prims/jni.cpp, line 1365]
Event: 311.811 Thread 0x000001dee5f54000 Exception <a 'java/lang/NoSuchMethodError'{0x000000008cc91b50}: <clinit>> (0x000000008cc91b50) thrown at [./src/hotspot/share/prims/jni.cpp, line 1365]
Event: 311.814 Thread 0x000001dee5f54000 Exception <a 'java/lang/NoSuchMethodError'{0x000000008cca1788}: <clinit>> (0x000000008cca1788) thrown at [./src/hotspot/share/prims/jni.cpp, line 1365]
Event: 331.662 Thread 0x000001dee812e800 Exception <a 'sun/nio/fs/WindowsException'{0x000000008c63bbf8}> (0x000000008c63bbf8) thrown at [./src/hotspot/share/prims/jni.cpp, line 615]
Event: 331.678 Thread 0x000001dee812e800 Exception <a 'sun/nio/fs/WindowsException'{0x000000008c644a70}> (0x000000008c644a70) thrown at [./src/hotspot/share/prims/jni.cpp, line 615]
Event: 331.687 Thread 0x000001dee812e800 Exception <a 'sun/nio/fs/WindowsException'{0x000000008c64d1b8}> (0x000000008c64d1b8) thrown at [./src/hotspot/share/prims/jni.cpp, line 615]
Event: 331.691 Thread 0x000001dee812e800 Exception <a 'sun/nio/fs/WindowsException'{0x000000008c6558f8}> (0x000000008c6558f8) thrown at [./src/hotspot/share/prims/jni.cpp, line 615]
Event: 332.846 Thread 0x000001dee5f54000 Exception <a 'java/lang/NoSuchMethodError'{0x000000008c13ef48}: <clinit>> (0x000000008c13ef48) thrown at [./src/hotspot/share/prims/jni.cpp, line 1365]
Event: 333.674 Thread 0x000001dee812c000 Exception <a 'sun/nio/fs/WindowsException'{0x000000008ccc5298}> (0x000000008ccc5298) thrown at [./src/hotspot/share/prims/jni.cpp, line 615]
Event: 333.674 Thread 0x000001dee8136000 Exception <a 'sun/nio/fs/WindowsException'{0x000000008cc94b28}> (0x000000008cc94b28) thrown at [./src/hotspot/share/prims/jni.cpp, line 615]
Event: 333.677 Thread 0x000001dee8135000 Exception <a 'sun/nio/fs/WindowsException'{0x000000008ccb0dc8}> (0x000000008ccb0dc8) thrown at [./src/hotspot/share/prims/jni.cpp, line 615]
Event: 334.789 Thread 0x000001dee8136000 Exception <a 'java/lang/NoSuchMethodError'{0x000000008c6df1a0}: 'java.lang.Object java.lang.invoke.DirectMethodHandle$Holder.invokeStaticInit(java.lang.Object, java.lang.Object, java.lang.Object, java.lang.Object, java.lang.Object, java.lang.Object, java.lang.Object, java.lang.Object, java.lang.Object, java.lang.Object, java.lang.Object, java.lang.Object, java.lang.Object, java.lang.Object, java.lang.Object, java.lang.Object, java.lang.Object, java.lang.Object, int, java.lang.Object, java.lang.Object)'> (0
Event: 334.886 Thread 0x000001dee8136000 Exception <a 'java/lang/IncompatibleClassChangeError'{0x000000008c56a838}: Found class java.lang.Object, but interface was expected> (0x000000008c56a838) thrown at [./src/hotspot/share/interpreter/linkResolver.cpp, line 839]
Event: 334.886 Thread 0x000001dee812c000 Exception <a 'java/lang/IncompatibleClassChangeError'{0x000000008c5ea3c0}: Found class java.lang.Object, but interface was expected> (0x000000008c5ea3c0) thrown at [./src/hotspot/share/interpreter/linkResolver.cpp, line 839]
Event: 334.886 Thread 0x000001dee8135000 Exception <a 'java/lang/IncompatibleClassChangeError'{0x000000008c57b4f0}: Found class java.lang.Object, but interface was expected> (0x000000008c57b4f0) thrown at [./src/hotspot/share/interpreter/linkResolver.cpp, line 839]

Events (20 events):
Event: 334.923 loading class com/android/tools/r8/graph/D1$j
Event: 334.923 loading class com/android/tools/r8/graph/D1$j done
Event: 334.923 loading class com/android/tools/r8/graph/j1$k
Event: 334.923 loading class com/android/tools/r8/graph/j1$k done
Event: 334.924 loading class com/android/tools/r8/internal/Cm
Event: 334.924 loading class com/android/tools/r8/internal/Cm done
Event: 334.931 Executing VM operation: RevokeBias
Event: 334.933 Executing coalesced safepoint VM operation: BulkRevokeBias
Event: 334.938 Executing coalesced safepoint VM operation: BulkRevokeBias done
Event: 334.938 Executing VM operation: RevokeBias done
Event: 334.939 loading class com/android/tools/r8/internal/n1
Event: 334.939 loading class com/android/tools/r8/internal/n1 done
Event: 334.939 loading class com/android/tools/r8/internal/RS
Event: 334.939 loading class com/android/tools/r8/internal/RS done
Event: 334.942 loading class com/android/tools/r8/internal/gd
Event: 334.942 loading class com/android/tools/r8/internal/gd done
Event: 334.943 loading class com/android/tools/r8/internal/NS
Event: 334.943 loading class com/android/tools/r8/internal/NS done
Event: 334.944 loading class com/android/tools/r8/internal/XS
Event: 334.944 loading class com/android/tools/r8/internal/XS done


Dynamic libraries:
0x00007ff7edd80000 - 0x00007ff7edd8a000 	C:\Program Files\Android\Android Studio\jre\bin\java.exe
0x00007ffb85ad0000 - 0x00007ffb85ce4000 	C:\WINDOWS\SYSTEM32\ntdll.dll
0x00007ffb85720000 - 0x00007ffb857e2000 	C:\WINDOWS\System32\KERNEL32.DLL
0x00007ffb83200000 - 0x00007ffb8359c000 	C:\WINDOWS\System32\KERNELBASE.dll
0x00007ffb835a0000 - 0x00007ffb836b1000 	C:\WINDOWS\System32\ucrtbase.dll
0x00007ffb757a0000 - 0x00007ffb757b9000 	C:\Program Files\Android\Android Studio\jre\bin\jli.dll
0x00007ffb71f80000 - 0x00007ffb71f97000 	C:\Program Files\Android\Android Studio\jre\bin\VCRUNTIME140.dll
0x00007ffb84290000 - 0x00007ffb8443b000 	C:\WINDOWS\System32\USER32.dll
0x00007ffb82ee0000 - 0x00007ffb82f06000 	C:\WINDOWS\System32\win32u.dll
0x00007ffb75c60000 - 0x00007ffb75eee000 	C:\WINDOWS\WinSxS\amd64_microsoft.windows.common-controls_6595b64144ccf1df_6.0.22621.608_none_a9444ca7c10bb01d\COMCTL32.dll
0x00007ffb83f10000 - 0x00007ffb83fb7000 	C:\WINDOWS\System32\msvcrt.dll
0x00007ffb857f0000 - 0x00007ffb85819000 	C:\WINDOWS\System32\GDI32.dll
0x00007ffb83040000 - 0x00007ffb83153000 	C:\WINDOWS\System32\gdi32full.dll
0x00007ffb83160000 - 0x00007ffb831fa000 	C:\WINDOWS\System32\msvcp_win.dll
0x00007ffb84070000 - 0x00007ffb840a1000 	C:\WINDOWS\System32\IMM32.DLL
0x00007ffb27dd0000 - 0x00007ffb27e6d000 	C:\Program Files\Android\Android Studio\jre\bin\msvcp140.dll
0x00007ffb1cbf0000 - 0x00007ffb1d6d5000 	C:\Program Files\Android\Android Studio\jre\bin\server\jvm.dll
0x00007ffb853d0000 - 0x00007ffb8547e000 	C:\WINDOWS\System32\ADVAPI32.dll
0x00007ffb83fc0000 - 0x00007ffb84064000 	C:\WINDOWS\System32\sechost.dll
0x00007ffb85170000 - 0x00007ffb85287000 	C:\WINDOWS\System32\RPCRT4.dll
0x00007ffb85290000 - 0x00007ffb85298000 	C:\WINDOWS\System32\PSAPI.DLL
0x00007ffb7f030000 - 0x00007ffb7f039000 	C:\WINDOWS\SYSTEM32\WSOCK32.dll
0x00007ffb7c5e0000 - 0x00007ffb7c614000 	C:\WINDOWS\SYSTEM32\WINMM.dll
0x00007ffb85820000 - 0x00007ffb85891000 	C:\WINDOWS\System32\WS2_32.dll
0x00007ffb7c4e0000 - 0x00007ffb7c4ea000 	C:\WINDOWS\SYSTEM32\VERSION.dll
0x00007ffb81ef0000 - 0x00007ffb81f08000 	C:\WINDOWS\SYSTEM32\kernel.appcore.dll
0x00007ffb7cf40000 - 0x00007ffb7cf51000 	C:\Program Files\Android\Android Studio\jre\bin\verify.dll
0x00007ffb80c50000 - 0x00007ffb80e7e000 	C:\WINDOWS\SYSTEM32\DBGHELP.DLL
0x00007ffb838b0000 - 0x00007ffb83c39000 	C:\WINDOWS\System32\combase.dll
0x00007ffb85480000 - 0x00007ffb85557000 	C:\WINDOWS\System32\OLEAUT32.dll
0x00007ffb743c0000 - 0x00007ffb743f2000 	C:\WINDOWS\SYSTEM32\dbgcore.DLL
0x00007ffb83830000 - 0x00007ffb838ab000 	C:\WINDOWS\System32\bcryptPrimitives.dll
0x00007ffb78f80000 - 0x00007ffb78fa9000 	C:\Program Files\Android\Android Studio\jre\bin\java.dll
0x00007ffb7f020000 - 0x00007ffb7f02b000 	C:\Program Files\Android\Android Studio\jre\bin\jimage.dll
0x00007ffb7c850000 - 0x00007ffb7c868000 	C:\Program Files\Android\Android Studio\jre\bin\zip.dll
0x00007ffb848c0000 - 0x00007ffb850b0000 	C:\WINDOWS\System32\SHELL32.dll
0x00007ffb80e90000 - 0x00007ffb8175d000 	C:\WINDOWS\SYSTEM32\windows.storage.dll
0x00007ffb80b10000 - 0x00007ffb80c4e000 	C:\WINDOWS\SYSTEM32\wintypes.dll
0x00007ffb83d60000 - 0x00007ffb83e51000 	C:\WINDOWS\System32\SHCORE.dll
0x00007ffb84130000 - 0x00007ffb8418e000 	C:\WINDOWS\System32\shlwapi.dll
0x00007ffb82e10000 - 0x00007ffb82e31000 	C:\WINDOWS\SYSTEM32\profapi.dll
0x00007ffb79510000 - 0x00007ffb7952a000 	C:\Program Files\Android\Android Studio\jre\bin\net.dll
0x00007ffb7c3a0000 - 0x00007ffb7c4d7000 	C:\WINDOWS\SYSTEM32\WINHTTP.dll
0x00007ffb82350000 - 0x00007ffb823b9000 	C:\WINDOWS\system32\mswsock.dll
0x00007ffb78f60000 - 0x00007ffb78f74000 	C:\Program Files\Android\Android Studio\jre\bin\nio.dll
0x00007ffb75ae0000 - 0x00007ffb75b07000 	C:\Users\leona\.gradle\native\e1d6ef7f7dcc3fd88c89a11ec53ec762bb8ba0a96d01ffa2cd45eb1d1d8dd5c5\windows-amd64\native-platform.dll
0x00007ffb1c810000 - 0x00007ffb1c954000 	C:\Users\leona\.gradle\native\5664cfc778a61ccfe75a443a1ab52a65af34e5dc3c78e0209fed803814484fcb\windows-amd64\native-platform-file-events.dll
0x00007ffb7d7a0000 - 0x00007ffb7d7aa000 	C:\Program Files\Android\Android Studio\jre\bin\management.dll
0x00007ffb7cf00000 - 0x00007ffb7cf0d000 	C:\Program Files\Android\Android Studio\jre\bin\management_ext.dll
0x00007ffb82720000 - 0x00007ffb8273b000 	C:\WINDOWS\SYSTEM32\CRYPTSP.dll
0x00007ffb81e60000 - 0x00007ffb81e95000 	C:\WINDOWS\system32\rsaenh.dll
0x00007ffb823f0000 - 0x00007ffb82418000 	C:\WINDOWS\SYSTEM32\USERENV.dll
0x00007ffb827c0000 - 0x00007ffb827e8000 	C:\WINDOWS\SYSTEM32\bcrypt.dll
0x00007ffb82550000 - 0x00007ffb8255c000 	C:\WINDOWS\SYSTEM32\CRYPTBASE.dll
0x00007ffb81a00000 - 0x00007ffb81a2d000 	C:\WINDOWS\SYSTEM32\IPHLPAPI.DLL
0x00007ffb840c0000 - 0x00007ffb840c9000 	C:\WINDOWS\System32\NSI.dll
0x00007ffb7c2d0000 - 0x00007ffb7c2e9000 	C:\WINDOWS\SYSTEM32\dhcpcsvc6.DLL
0x00007ffb7c2b0000 - 0x00007ffb7c2cf000 	C:\WINDOWS\SYSTEM32\dhcpcsvc.DLL
0x00007ffb81a80000 - 0x00007ffb81b73000 	C:\WINDOWS\SYSTEM32\DNSAPI.dll
0x00007ffb401b0000 - 0x00007ffb401c7000 	C:\WINDOWS\system32\napinsp.dll
0x00007ffb40190000 - 0x00007ffb401ab000 	C:\WINDOWS\system32\pnrpnsp.dll
0x00007ffb3ef60000 - 0x00007ffb3ef71000 	C:\WINDOWS\System32\winrnr.dll
0x00007ffb3ef40000 - 0x00007ffb3ef55000 	C:\WINDOWS\system32\wshbth.dll
0x00007ffb3ef10000 - 0x00007ffb3ef31000 	C:\WINDOWS\system32\nlansp_c.dll
0x00007ffb79650000 - 0x00007ffb7965a000 	C:\Windows\System32\rasadhlp.dll
0x00007ffb7aed0000 - 0x00007ffb7af53000 	C:\WINDOWS\System32\fwpuclnt.dll
0x00007ffb78c50000 - 0x00007ffb78c77000 	C:\Program Files\Android\Android Studio\jre\bin\sunec.dll
0x00007ffb46490000 - 0x00007ffb464ae000 	C:\Users\leona\AppData\Local\Temp\native-platform7208123195235220585dir\native-platform.dll
0x00007ffb5d7c0000 - 0x00007ffb5d7c8000 	C:\Program Files\Android\Android Studio\jre\bin\rmi.dll
0x00007ffb81f10000 - 0x00007ffb81f44000 	C:\WINDOWS\SYSTEM32\ntmarta.dll

dbghelp: loaded successfully - version: 4.0.5 - missing functions: none
symbol engine: initialized successfully - sym options: 0x614 - pdb path: .;C:\Program Files\Android\Android Studio\jre\bin;C:\WINDOWS\SYSTEM32;C:\WINDOWS\WinSxS\amd64_microsoft.windows.common-controls_6595b64144ccf1df_6.0.22621.608_none_a9444ca7c10bb01d;C:\Program Files\Android\Android Studio\jre\bin\server;C:\Users\leona\.gradle\native\e1d6ef7f7dcc3fd88c89a11ec53ec762bb8ba0a96d01ffa2cd45eb1d1d8dd5c5\windows-amd64;C:\Users\leona\.gradle\native\5664cfc778a61ccfe75a443a1ab52a65af34e5dc3c78e0209fed803814484fcb\windows-amd64;C:\Users\leona\AppData\Local\Temp\native-platform7208123195235220585dir

VM Arguments:
jvm_args: --add-opens=java.base/java.util=ALL-UNNAMED --add-opens=java.base/java.lang=ALL-UNNAMED --add-opens=java.base/java.lang.invoke=ALL-UNNAMED --add-opens=java.base/java.util=ALL-UNNAMED --add-opens=java.prefs/java.util.prefs=ALL-UNNAMED --add-opens=java.prefs/java.util.prefs=ALL-UNNAMED --add-opens=java.base/java.nio.charset=ALL-UNNAMED --add-opens=java.base/java.net=ALL-UNNAMED --add-opens=java.base/java.util.concurrent.atomic=ALL-UNNAMED -Xmx2048m -Dfile.encoding=UTF-8 -Duser.country=BR -Duser.language=pt -Duser.variant 
java_command: org.gradle.launcher.daemon.bootstrap.GradleDaemon 7.3.3
java_class_path (initial): C:\Users\leona\.gradle\wrapper\dists\gradle-7.3.3-bin\6a41zxkdtcxs8rphpq6y0069z\gradle-7.3.3\lib\gradle-launcher-7.3.3.jar
Launcher Type: SUN_STANDARD

[Global flags]
     intx CICompilerCount                          = 4                                         {product} {ergonomic}
     uint ConcGCThreads                            = 2                                         {product} {ergonomic}
     uint G1ConcRefinementThreads                  = 8                                         {product} {ergonomic}
   size_t G1HeapRegionSize                         = 1048576                                   {product} {ergonomic}
    uintx GCDrainStackTargetSize                   = 64                                        {product} {ergonomic}
   size_t InitialHeapSize                          = 201326592                                 {product} {ergonomic}
   size_t MarkStackSize                            = 4194304                                   {product} {ergonomic}
   size_t MaxHeapSize                              = 2147483648                                {product} {command line}
   size_t MaxNewSize                               = 1287651328                                {product} {ergonomic}
   size_t MinHeapDeltaBytes                        = 1048576                                   {product} {ergonomic}
    uintx NonNMethodCodeHeapSize                   = 5836300                                {pd product} {ergonomic}
    uintx NonProfiledCodeHeapSize                  = 122910970                              {pd product} {ergonomic}
    uintx ProfiledCodeHeapSize                     = 122910970                              {pd product} {ergonomic}
    uintx ReservedCodeCacheSize                    = 251658240                              {pd product} {ergonomic}
     bool SegmentedCodeCache                       = true                                      {product} {ergonomic}
     bool UseCompressedClassPointers               = true                                 {lp64_product} {ergonomic}
     bool UseCompressedOops                        = true                                 {lp64_product} {ergonomic}
     bool UseG1GC                                  = true                                      {product} {ergonomic}
     bool UseLargePagesIndividualAllocation        = false                                  {pd product} {ergonomic}

Logging:
Log output configuration:
 #0: stdout all=warning uptime,level,tags
 #1: stderr all=off uptime,level,tags

Environment Variables:
PATH=C:\Program Files\Microsoft\jdk-11.0.12.7-hotspot\bin;C:\Program Files\MongoDB\Server\4.2\bin;C:\Python27\Scripts;C:\Windows\system32;C:\Windows;C:\Windows\System32\Wbem;C:\Windows\System32\WindowsPowerShell\v1.0\;C:\Windows\System32\OpenSSH\;C:\Program Files (x86)\NVIDIA Corporation\PhysX\Common;C:\Program Files\dotnet\;C:\Program Files\Microsoft SQL Server\130\Tools\Binn\;C:\Program Files\Microsoft SQL Server\Client SDK\ODBC\170\Tools\Binn\;C:\Program Files (x86)\Microsoft SQL Server\150\DTS\Binn\;C:\Program Files (x86)\Microsoft SQL Server\140\Tools\Binn\;C:\Program Files\Microsoft SQL Server\140\Tools\Binn\;C:\Program Files (x86)\Microsoft SQL Server\140\DTS\Binn\;C:\Program Files\Microsoft SQL Server\140\DTS\Binn\;C:\Program Files\Microsoft SQL Server\Client SDK\ODBC\130\Tools\Binn\;C:\Program Files\Microsoft VS Code\bin;C:\WINDOWS\system32;C:\WINDOWS;C:\WINDOWS\System32\Wbem;C:\WINDOWS\System32\WindowsPowerShell\v1.0\;C:\WINDOWS\System32\OpenSSH\;C:\ProgramData\chocolatey\bin;C:\Program Files\Git\cmd;C:\Program Files\Microsoft SQL Server\150\Tools\Binn\;C:\Program Files (x86)\dotnet\;C:\Program Files\nodejs\;%SystemRoot%\system32;%SystemRoot%;%SystemRoot%\System32\Wbem;%SYSTEMROOT%\System32\WindowsPowerShell\v1.0\;%SYSTEMROOT%\System32\OpenSSH\;C:\Users\leona\AppData\Local\Microsoft\WindowsApps;C:\Program Files\JetBrains\PyCharm Community Edition 2019.3.2\bin;C:\Users\leona\.dotnet\tools;C:\Program Files\Docker Toolbox;C:\Users\leona\AppData\Local\GitHubDesktop\bin;C:\src\flutter\bin;;C:\Users\leona\AppData\Local\Programs\Fiddler;C:\Users\leona\AppData\Local\Programs\Microsoft VS Code\bin;C:\Users\leona\AppData\Roaming\npm;%USERPROFILE%\AppData\Local\Microsoft\WindowsApps
USERNAME=alecrim
OS=Windows_NT
PROCESSOR_IDENTIFIER=Intel64 Family 6 Model 142 Stepping 10, GenuineIntel



---------------  S Y S T E M  ---------------

OS: Windows 10 , 64 bit Build 22621 (10.0.22621.1485)
OS uptime: 27 days 7:27 hours
Hyper-V role detected

CPU:total 8 (initial active 8) (4 cores per cpu, 2 threads per core) family 6 model 142 stepping 10 microcode 0xea, cmov, cx8, fxsr, mmx, sse, sse2, sse3, ssse3, sse4.1, sse4.2, popcnt, avx, avx2, aes, clmul, erms, 3dnowpref, lzcnt, ht, tsc, tscinvbit, bmi1, bmi2, adx, fma

Memory: 4k page, system-wide physical 12197M (248M free)
TotalPageFile size 49061M (AvailPageFile size 0M)
current process WorkingSet (physical memory assigned to process): 275M, peak: 560M
current process commit charge ("private bytes"): 595M, peak: 603M

vm_info: OpenJDK 64-Bit Server VM (11.0.12+7-b1504.28-7817840) for windows-amd64 JRE (11.0.12+7-b1504.28-7817840), built on Oct 13 2021 22:12:33 by "builder" with MS VC++ 14.0 (VS2015)

END.
